2020-03-01 12:37:31.789  INFO 3676 --- [main] o.s.cloud.context.scope.GenericScope     : BeanFactory id=1ff2f2a6-5745-3008-b575-8b5c3642867c
2020-03-01 12:37:31.848  INFO 3676 --- [main] trationDelegate$BeanPostProcessorChecker : Bean 'com.shicha.dianbiao.demon.controller.INotifyHost' of type [org.springframework.cloud.openfeign.FeignClientFactoryBean] is not eligible for getting processed by all BeanPostProcessors (for example: not eligible for auto-proxying)
2020-03-01 12:37:31.910  INFO 3676 --- [main] trationDelegate$BeanPostProcessorChecker : Bean 'org.springframework.cloud.autoconfigure.ConfigurationPropertiesRebinderAutoConfiguration' of type [org.springframework.cloud.autoconfigure.ConfigurationPropertiesRebinderAutoConfiguration$$EnhancerBySpringCGLIB$$65c3503e] is not eligible for getting processed by all BeanPostProcessors (for example: not eligible for auto-proxying)
2020-03-01 12:37:32.166  INFO 3676 --- [main] o.s.b.w.embedded.tomcat.TomcatWebServer  : Tomcat initialized with port(s): 8303 (http)
2020-03-01 12:37:32.186  INFO 3676 --- [main] o.apache.catalina.core.StandardService   : Starting service [Tomcat]
2020-03-01 12:37:32.187  INFO 3676 --- [main] org.apache.catalina.core.StandardEngine  : Starting Servlet engine: [Apache Tomcat/9.0.14]
2020-03-01 12:37:32.193  INFO 3676 --- [main] o.a.catalina.core.AprLifecycleListener   : The APR based Apache Tomcat Native library which allows optimal performance in production environments was not found on the java.library.path: [C:\Program Files\Java\jre1.8.0_144\bin;C:\WINDOWS\Sun\Java\bin;C:\WINDOWS\system32;C:\WINDOWS;C:/Program Files/Java/jre1.8.0_144/bin/server;C:/Program Files/Java/jre1.8.0_144/bin;C:/Program Files/Java/jre1.8.0_144/lib/amd64;C:\ProgramData\Oracle\Java\javapath;C:\Program Files (x86)\Intel\iCLS Client\;C:\Program Files\Intel\iCLS Client\;C:\WINDOWS\system32;C:\WINDOWS;C:\WINDOWS\System32\Wbem;C:\WINDOWS\System32\WindowsPowerShell\v1.0\;C:\Program Files (x86)\Intel\Intel(R) Management Engine Components\DAL;C:\Program Files\Intel\Intel(R) Management Engine Components\DAL;C:\Program Files (x86)\Intel\Intel(R) Management Engine Components\IPT;C:\Program Files\Intel\Intel(R) Management Engine Components\IPT;C:\WINDOWS\System32\OpenSSH\;C:\Program Files\dotnet\;C:\Program Files\nodejs\;E:\dev\apache-maven-3.6.0-bin\apache-maven-3.6.0\bin;C:\Program Files\Git\cmd;C:\Program Files\PuTTY\;C:\Users\test\AppData\Local\Microsoft\WindowsApps;C:\Program Files (x86)\SSH Communications Security\SSH Secure Shell;C:\Program Files\MySQL\MySQL Server 5.6\bin;;C:\Program Files\Microsoft VS Code\bin;C:\Users\test\AppData\Roaming\npm;E:\dev\sts-bundle\sts-3.9.7.RELEASE;;.]
2020-03-01 12:37:32.462  INFO 3676 --- [main] o.a.c.c.C.[Tomcat].[localhost].[/]       : Initializing Spring embedded WebApplicationContext
2020-03-01 12:37:32.462  INFO 3676 --- [main] o.s.web.context.ContextLoader            : Root WebApplicationContext: initialization completed in 1088 ms
2020-03-01 12:37:32.674  WARN 3676 --- [main] o.s.c.n.a.ArchaiusAutoConfiguration      : No spring.application.name found, defaulting to 'application'
2020-03-01 12:37:32.677  WARN 3676 --- [main] c.n.c.sources.URLConfigurationSource     : No URLs will be polled as dynamic configuration sources.
2020-03-01 12:37:32.681  WARN 3676 --- [main] c.n.c.sources.URLConfigurationSource     : No URLs will be polled as dynamic configuration sources.
2020-03-01 12:37:32.842  INFO 3676 --- [main] o.s.s.concurrent.ThreadPoolTaskExecutor  : Initializing ExecutorService 'applicationTaskExecutor'
2020-03-01 12:37:32.971  INFO 3676 --- [main] o.s.s.c.ThreadPoolTaskScheduler          : Initializing ExecutorService 'taskScheduler'
2020-03-01 12:37:33.533  INFO 3676 --- [main] o.s.b.w.embedded.tomcat.TomcatWebServer  : Tomcat started on port(s): 8303 (http) with context path ''
2020-03-01 12:39:13.647  INFO 3676 --- [RMI TCP Connection(2)-127.0.0.1] inMXBeanRegistrar$SpringApplicationAdmin : Application shutdown requested.
2020-03-01 12:39:13.650  INFO 3676 --- [RMI TCP Connection(2)-127.0.0.1] o.s.s.c.ThreadPoolTaskScheduler          : Shutting down ExecutorService 'taskScheduler'
2020-03-01 12:39:13.651  INFO 3676 --- [RMI TCP Connection(2)-127.0.0.1] o.s.s.concurrent.ThreadPoolTaskExecutor  : Shutting down ExecutorService 'applicationTaskExecutor'
2020-03-01 12:39:13.905  INFO 3676 --- [RMI TCP Connection(2)-127.0.0.1] o.apache.catalina.core.StandardService   : Stopping service [Tomcat]
2020-03-01 12:39:21.489  INFO 7504 --- [main] c.s.dianbiao.demon.DaemonApplication     : No active profile set, falling back to default profiles: default
2020-03-01 12:39:21.937  INFO 7504 --- [main] o.s.cloud.context.scope.GenericScope     : BeanFactory id=1ff2f2a6-5745-3008-b575-8b5c3642867c
2020-03-01 12:39:21.959  INFO 7504 --- [main] trationDelegate$BeanPostProcessorChecker : Bean 'com.shicha.dianbiao.demon.controller.INotifyHost' of type [org.springframework.cloud.openfeign.FeignClientFactoryBean] is not eligible for getting processed by all BeanPostProcessors (for example: not eligible for auto-proxying)
2020-03-01 12:39:22.023  INFO 7504 --- [main] trationDelegate$BeanPostProcessorChecker : Bean 'org.springframework.cloud.autoconfigure.ConfigurationPropertiesRebinderAutoConfiguration' of type [org.springframework.cloud.autoconfigure.ConfigurationPropertiesRebinderAutoConfiguration$$EnhancerBySpringCGLIB$$ea20173e] is not eligible for getting processed by all BeanPostProcessors (for example: not eligible for auto-proxying)
2020-03-01 12:39:22.302  INFO 7504 --- [main] o.s.b.w.embedded.tomcat.TomcatWebServer  : Tomcat initialized with port(s): 8303 (http)
2020-03-01 12:39:22.322  INFO 7504 --- [main] o.apache.catalina.core.StandardService   : Starting service [Tomcat]
2020-03-01 12:39:22.323  INFO 7504 --- [main] org.apache.catalina.core.StandardEngine  : Starting Servlet engine: [Apache Tomcat/9.0.14]
2020-03-01 12:39:22.329  INFO 7504 --- [main] o.a.catalina.core.AprLifecycleListener   : The APR based Apache Tomcat Native library which allows optimal performance in production environments was not found on the java.library.path: [C:\Program Files\Java\jre1.8.0_144\bin;C:\WINDOWS\Sun\Java\bin;C:\WINDOWS\system32;C:\WINDOWS;C:/Program Files/Java/jre1.8.0_144/bin/server;C:/Program Files/Java/jre1.8.0_144/bin;C:/Program Files/Java/jre1.8.0_144/lib/amd64;C:\ProgramData\Oracle\Java\javapath;C:\Program Files (x86)\Intel\iCLS Client\;C:\Program Files\Intel\iCLS Client\;C:\WINDOWS\system32;C:\WINDOWS;C:\WINDOWS\System32\Wbem;C:\WINDOWS\System32\WindowsPowerShell\v1.0\;C:\Program Files (x86)\Intel\Intel(R) Management Engine Components\DAL;C:\Program Files\Intel\Intel(R) Management Engine Components\DAL;C:\Program Files (x86)\Intel\Intel(R) Management Engine Components\IPT;C:\Program Files\Intel\Intel(R) Management Engine Components\IPT;C:\WINDOWS\System32\OpenSSH\;C:\Program Files\dotnet\;C:\Program Files\nodejs\;E:\dev\apache-maven-3.6.0-bin\apache-maven-3.6.0\bin;C:\Program Files\Git\cmd;C:\Program Files\PuTTY\;C:\Users\test\AppData\Local\Microsoft\WindowsApps;C:\Program Files (x86)\SSH Communications Security\SSH Secure Shell;C:\Program Files\MySQL\MySQL Server 5.6\bin;;C:\Program Files\Microsoft VS Code\bin;C:\Users\test\AppData\Roaming\npm;E:\dev\sts-bundle\sts-3.9.7.RELEASE;;.]
2020-03-01 12:39:22.448  INFO 7504 --- [main] o.a.c.c.C.[Tomcat].[localhost].[/]       : Initializing Spring embedded WebApplicationContext
2020-03-01 12:39:22.448  INFO 7504 --- [main] o.s.web.context.ContextLoader            : Root WebApplicationContext: initialization completed in 945 ms
2020-03-01 12:39:22.685  WARN 7504 --- [main] o.s.c.n.a.ArchaiusAutoConfiguration      : No spring.application.name found, defaulting to 'application'
2020-03-01 12:39:22.689  WARN 7504 --- [main] c.n.c.sources.URLConfigurationSource     : No URLs will be polled as dynamic configuration sources.
2020-03-01 12:39:22.689  INFO 7504 --- [main] c.n.c.sources.URLConfigurationSource     : To enable URLs as dynamic configuration sources, define System property archaius.configurationSource.additionalUrls or make config.properties available on classpath.
2020-03-01 12:39:22.694  WARN 7504 --- [main] c.n.c.sources.URLConfigurationSource     : No URLs will be polled as dynamic configuration sources.
2020-03-01 12:39:22.694  INFO 7504 --- [main] c.n.c.sources.URLConfigurationSource     : To enable URLs as dynamic configuration sources, define System property archaius.configurationSource.additionalUrls or make config.properties available on classpath.
2020-03-01 12:39:22.858  INFO 7504 --- [main] o.s.s.concurrent.ThreadPoolTaskExecutor  : Initializing ExecutorService 'applicationTaskExecutor'
2020-03-01 12:39:22.989  INFO 7504 --- [main] o.s.s.c.ThreadPoolTaskScheduler          : Initializing ExecutorService 'taskScheduler'
2020-03-01 12:39:23.586  INFO 7504 --- [main] o.s.b.w.embedded.tomcat.TomcatWebServer  : Tomcat started on port(s): 8303 (http) with context path ''
2020-03-01 12:39:24.062  INFO 7504 --- [main] c.s.dianbiao.demon.DaemonApplication     : Started DaemonApplication in 5.581 seconds (JVM running for 6.414)
2020-03-01 12:39:24.064  INFO 7504 --- [main] com.shicha.dianbiao.demon.netty.Serv     : start server
2020-03-01 12:39:40.900  INFO 7504 --- [RMI TCP Connection(2)-127.0.0.1] inMXBeanRegistrar$SpringApplicationAdmin : Application shutdown requested.
2020-03-01 12:39:40.902  INFO 7504 --- [RMI TCP Connection(2)-127.0.0.1] o.s.s.c.ThreadPoolTaskScheduler          : Shutting down ExecutorService 'taskScheduler'
2020-03-01 12:39:40.903  INFO 7504 --- [RMI TCP Connection(2)-127.0.0.1] o.s.s.concurrent.ThreadPoolTaskExecutor  : Shutting down ExecutorService 'applicationTaskExecutor'
2020-03-01 12:39:41.130  INFO 7504 --- [RMI TCP Connection(2)-127.0.0.1] o.apache.catalina.core.StandardService   : Stopping service [Tomcat]
2020-03-01 12:40:55.882  INFO 14256 --- [main] c.s.dianbiao.demon.DaemonApplication     : No active profile set, falling back to default profiles: default
2020-03-01 12:40:56.341  INFO 14256 --- [main] o.s.cloud.context.scope.GenericScope     : BeanFactory id=1ff2f2a6-5745-3008-b575-8b5c3642867c
2020-03-01 12:40:56.364  INFO 14256 --- [main] trationDelegate$BeanPostProcessorChecker : Bean 'com.shicha.dianbiao.demon.controller.INotifyHost' of type [org.springframework.cloud.openfeign.FeignClientFactoryBean] is not eligible for getting processed by all BeanPostProcessors (for example: not eligible for auto-proxying)
2020-03-01 12:40:56.425  INFO 14256 --- [main] trationDelegate$BeanPostProcessorChecker : Bean 'org.springframework.cloud.autoconfigure.ConfigurationPropertiesRebinderAutoConfiguration' of type [org.springframework.cloud.autoconfigure.ConfigurationPropertiesRebinderAutoConfiguration$$EnhancerBySpringCGLIB$$20aa8f79] is not eligible for getting processed by all BeanPostProcessors (for example: not eligible for auto-proxying)
2020-03-01 12:40:56.714  INFO 14256 --- [main] o.s.b.w.embedded.tomcat.TomcatWebServer  : Tomcat initialized with port(s): 8303 (http)
2020-03-01 12:40:56.753  INFO 14256 --- [main] o.apache.catalina.core.StandardService   : Starting service [Tomcat]
2020-03-01 12:40:56.754  INFO 14256 --- [main] org.apache.catalina.core.StandardEngine  : Starting Servlet engine: [Apache Tomcat/9.0.14]
2020-03-01 12:40:56.763  INFO 14256 --- [main] o.a.catalina.core.AprLifecycleListener   : The APR based Apache Tomcat Native library which allows optimal performance in production environments was not found on the java.library.path: [C:\Program Files\Java\jre1.8.0_144\bin;C:\WINDOWS\Sun\Java\bin;C:\WINDOWS\system32;C:\WINDOWS;C:/Program Files/Java/jre1.8.0_144/bin/server;C:/Program Files/Java/jre1.8.0_144/bin;C:/Program Files/Java/jre1.8.0_144/lib/amd64;C:\ProgramData\Oracle\Java\javapath;C:\Program Files (x86)\Intel\iCLS Client\;C:\Program Files\Intel\iCLS Client\;C:\WINDOWS\system32;C:\WINDOWS;C:\WINDOWS\System32\Wbem;C:\WINDOWS\System32\WindowsPowerShell\v1.0\;C:\Program Files (x86)\Intel\Intel(R) Management Engine Components\DAL;C:\Program Files\Intel\Intel(R) Management Engine Components\DAL;C:\Program Files (x86)\Intel\Intel(R) Management Engine Components\IPT;C:\Program Files\Intel\Intel(R) Management Engine Components\IPT;C:\WINDOWS\System32\OpenSSH\;C:\Program Files\dotnet\;C:\Program Files\nodejs\;E:\dev\apache-maven-3.6.0-bin\apache-maven-3.6.0\bin;C:\Program Files\Git\cmd;C:\Program Files\PuTTY\;C:\Users\test\AppData\Local\Microsoft\WindowsApps;C:\Program Files (x86)\SSH Communications Security\SSH Secure Shell;C:\Program Files\MySQL\MySQL Server 5.6\bin;;C:\Program Files\Microsoft VS Code\bin;C:\Users\test\AppData\Roaming\npm;E:\dev\sts-bundle\sts-3.9.7.RELEASE;;.]
2020-03-01 12:40:57.008  INFO 14256 --- [main] o.a.c.c.C.[Tomcat].[localhost].[/]       : Initializing Spring embedded WebApplicationContext
2020-03-01 12:40:57.009  INFO 14256 --- [main] o.s.web.context.ContextLoader            : Root WebApplicationContext: initialization completed in 1113 ms
2020-03-01 12:40:57.278  WARN 14256 --- [main] o.s.c.n.a.ArchaiusAutoConfiguration      : No spring.application.name found, defaulting to 'application'
2020-03-01 12:40:57.282  WARN 14256 --- [main] c.n.c.sources.URLConfigurationSource     : No URLs will be polled as dynamic configuration sources.
2020-03-01 12:40:57.282  INFO 14256 --- [main] c.n.c.sources.URLConfigurationSource     : To enable URLs as dynamic configuration sources, define System property archaius.configurationSource.additionalUrls or make config.properties available on classpath.
2020-03-01 12:40:57.288  WARN 14256 --- [main] c.n.c.sources.URLConfigurationSource     : No URLs will be polled as dynamic configuration sources.
2020-03-01 12:40:57.288  INFO 14256 --- [main] c.n.c.sources.URLConfigurationSource     : To enable URLs as dynamic configuration sources, define System property archaius.configurationSource.additionalUrls or make config.properties available on classpath.
2020-03-01 12:40:57.471  INFO 14256 --- [main] o.s.s.concurrent.ThreadPoolTaskExecutor  : Initializing ExecutorService 'applicationTaskExecutor'
2020-03-01 12:40:57.607  INFO 14256 --- [main] o.s.s.c.ThreadPoolTaskScheduler          : Initializing ExecutorService 'taskScheduler'
2020-03-01 12:40:58.182  INFO 14256 --- [main] o.s.b.w.embedded.tomcat.TomcatWebServer  : Tomcat started on port(s): 8303 (http) with context path ''
2020-03-01 12:40:58.637  INFO 14256 --- [main] c.s.dianbiao.demon.DaemonApplication     : Started DaemonApplication in 5.77 seconds (JVM running for 6.62)
2020-03-01 12:40:58.639  INFO 14256 --- [main] com.shicha.dianbiao.demon.netty.Serv     : start server
2020-03-01 12:40:59.313  INFO 14256 --- [main] com.shicha.dianbiao.demon.netty.Serv     : server is ready at:8302
2020-03-01 12:41:28.518  INFO 14256 --- [nioEventLoopGroup-3-1] c.s.d.demon.netty.DeviceMessageDecoder   : --- A New Client ---
2020-03-01 12:41:30.295  INFO 14256 --- [nioEventLoopGroup-3-1] c.s.d.demon.netty.DeviceMessageDecoder   : 000000000018 login
2020-03-01 12:44:02.774  INFO 14256 --- [nioEventLoopGroup-3-1] c.s.d.demon.netty.DeviceMessageDecoder   : receive message:6818000000000068911d344393378373353383733533333333339555743533bb37333383c83b33de16
2020-03-01 12:44:02.775  INFO 14256 --- [nioEventLoopGroup-3-1] c.s.d.demon.netty.DeviceMessageDecoder   : 000000000018 got response: 6818000000000068911d344393378373353383733533333333339555743533bb37333383c83b33de16
2020-03-01 12:44:02.775  WARN 14256 --- [nioEventLoopGroup-3-1] c.s.d.demon.netty.DeviceMessageDecoder   : get period messsage,but device is null:000000000018
2020-03-01 12:44:19.787  INFO 14256 --- [RMI TCP Connection(2)-127.0.0.1] inMXBeanRegistrar$SpringApplicationAdmin : Application shutdown requested.
2020-03-01 12:44:19.789  INFO 14256 --- [RMI TCP Connection(2)-127.0.0.1] o.s.s.c.ThreadPoolTaskScheduler          : Shutting down ExecutorService 'taskScheduler'
2020-03-01 12:44:19.790  INFO 14256 --- [RMI TCP Connection(2)-127.0.0.1] o.s.s.concurrent.ThreadPoolTaskExecutor  : Shutting down ExecutorService 'applicationTaskExecutor'
2020-03-01 12:44:20.020  INFO 14256 --- [RMI TCP Connection(2)-127.0.0.1] o.apache.catalina.core.StandardService   : Stopping service [Tomcat]
2020-03-01 12:44:26.422  INFO 8892 --- [main] c.s.dianbiao.demon.DaemonApplication     : No active profile set, falling back to default profiles: default
2020-03-01 12:44:26.957  INFO 8892 --- [main] o.s.cloud.context.scope.GenericScope     : BeanFactory id=1ff2f2a6-5745-3008-b575-8b5c3642867c
2020-03-01 12:44:26.988  INFO 8892 --- [main] trationDelegate$BeanPostProcessorChecker : Bean 'com.shicha.dianbiao.demon.controller.INotifyHost' of type [org.springframework.cloud.openfeign.FeignClientFactoryBean] is not eligible for getting processed by all BeanPostProcessors (for example: not eligible for auto-proxying)
2020-03-01 12:44:27.080  INFO 8892 --- [main] trationDelegate$BeanPostProcessorChecker : Bean 'org.springframework.cloud.autoconfigure.ConfigurationPropertiesRebinderAutoConfiguration' of type [org.springframework.cloud.autoconfigure.ConfigurationPropertiesRebinderAutoConfiguration$$EnhancerBySpringCGLIB$$850e50e7] is not eligible for getting processed by all BeanPostProcessors (for example: not eligible for auto-proxying)
2020-03-01 12:44:27.391  INFO 8892 --- [main] o.s.b.w.embedded.tomcat.TomcatWebServer  : Tomcat initialized with port(s): 8303 (http)
2020-03-01 12:44:27.413  INFO 8892 --- [main] o.apache.catalina.core.StandardService   : Starting service [Tomcat]
2020-03-01 12:44:27.413  INFO 8892 --- [main] org.apache.catalina.core.StandardEngine  : Starting Servlet engine: [Apache Tomcat/9.0.14]
2020-03-01 12:44:27.420  INFO 8892 --- [main] o.a.catalina.core.AprLifecycleListener   : The APR based Apache Tomcat Native library which allows optimal performance in production environments was not found on the java.library.path: [C:\Program Files\Java\jre1.8.0_144\bin;C:\WINDOWS\Sun\Java\bin;C:\WINDOWS\system32;C:\WINDOWS;C:/Program Files/Java/jre1.8.0_144/bin/server;C:/Program Files/Java/jre1.8.0_144/bin;C:/Program Files/Java/jre1.8.0_144/lib/amd64;C:\ProgramData\Oracle\Java\javapath;C:\Program Files (x86)\Intel\iCLS Client\;C:\Program Files\Intel\iCLS Client\;C:\WINDOWS\system32;C:\WINDOWS;C:\WINDOWS\System32\Wbem;C:\WINDOWS\System32\WindowsPowerShell\v1.0\;C:\Program Files (x86)\Intel\Intel(R) Management Engine Components\DAL;C:\Program Files\Intel\Intel(R) Management Engine Components\DAL;C:\Program Files (x86)\Intel\Intel(R) Management Engine Components\IPT;C:\Program Files\Intel\Intel(R) Management Engine Components\IPT;C:\WINDOWS\System32\OpenSSH\;C:\Program Files\dotnet\;C:\Program Files\nodejs\;E:\dev\apache-maven-3.6.0-bin\apache-maven-3.6.0\bin;C:\Program Files\Git\cmd;C:\Program Files\PuTTY\;C:\Users\test\AppData\Local\Microsoft\WindowsApps;C:\Program Files (x86)\SSH Communications Security\SSH Secure Shell;C:\Program Files\MySQL\MySQL Server 5.6\bin;;C:\Program Files\Microsoft VS Code\bin;C:\Users\test\AppData\Roaming\npm;E:\dev\sts-bundle\sts-3.9.7.RELEASE;;.]
2020-03-01 12:44:27.554  INFO 8892 --- [main] o.a.c.c.C.[Tomcat].[localhost].[/]       : Initializing Spring embedded WebApplicationContext
2020-03-01 12:44:27.554  INFO 8892 --- [main] o.s.web.context.ContextLoader            : Root WebApplicationContext: initialization completed in 1116 ms
2020-03-01 12:44:27.834  WARN 8892 --- [main] o.s.c.n.a.ArchaiusAutoConfiguration      : No spring.application.name found, defaulting to 'application'
2020-03-01 12:44:27.838  WARN 8892 --- [main] c.n.c.sources.URLConfigurationSource     : No URLs will be polled as dynamic configuration sources.
2020-03-01 12:44:27.838  INFO 8892 --- [main] c.n.c.sources.URLConfigurationSource     : To enable URLs as dynamic configuration sources, define System property archaius.configurationSource.additionalUrls or make config.properties available on classpath.
2020-03-01 12:44:27.844  WARN 8892 --- [main] c.n.c.sources.URLConfigurationSource     : No URLs will be polled as dynamic configuration sources.
2020-03-01 12:44:27.844  INFO 8892 --- [main] c.n.c.sources.URLConfigurationSource     : To enable URLs as dynamic configuration sources, define System property archaius.configurationSource.additionalUrls or make config.properties available on classpath.
2020-03-01 12:44:28.027  INFO 8892 --- [main] o.s.s.concurrent.ThreadPoolTaskExecutor  : Initializing ExecutorService 'applicationTaskExecutor'
2020-03-01 12:44:28.183  INFO 8892 --- [main] o.s.s.c.ThreadPoolTaskScheduler          : Initializing ExecutorService 'taskScheduler'
2020-03-01 12:44:28.813  INFO 8892 --- [main] o.s.b.w.embedded.tomcat.TomcatWebServer  : Tomcat started on port(s): 8303 (http) with context path ''
2020-03-01 12:44:29.276  INFO 8892 --- [main] c.s.dianbiao.demon.DaemonApplication     : Started DaemonApplication in 5.963 seconds (JVM running for 7.029)
2020-03-01 12:44:29.277  INFO 8892 --- [main] com.shicha.dianbiao.demon.netty.Serv     : start server
2020-03-01 12:45:10.592  INFO 8892 --- [RMI TCP Connection(2)-127.0.0.1] inMXBeanRegistrar$SpringApplicationAdmin : Application shutdown requested.
2020-03-01 12:45:10.594  INFO 8892 --- [RMI TCP Connection(2)-127.0.0.1] o.s.s.c.ThreadPoolTaskScheduler          : Shutting down ExecutorService 'taskScheduler'
2020-03-01 12:45:10.595  INFO 8892 --- [RMI TCP Connection(2)-127.0.0.1] o.s.s.concurrent.ThreadPoolTaskExecutor  : Shutting down ExecutorService 'applicationTaskExecutor'
2020-03-01 12:45:10.851  INFO 8892 --- [RMI TCP Connection(2)-127.0.0.1] o.apache.catalina.core.StandardService   : Stopping service [Tomcat]
2020-03-01 12:45:20.443  INFO 7928 --- [main] c.s.dianbiao.demon.DaemonApplication     : No active profile set, falling back to default profiles: default
2020-03-01 12:45:20.965  INFO 7928 --- [main] o.s.cloud.context.scope.GenericScope     : BeanFactory id=1ff2f2a6-5745-3008-b575-8b5c3642867c
2020-03-01 12:45:20.994  INFO 7928 --- [main] trationDelegate$BeanPostProcessorChecker : Bean 'com.shicha.dianbiao.demon.controller.INotifyHost' of type [org.springframework.cloud.openfeign.FeignClientFactoryBean] is not eligible for getting processed by all BeanPostProcessors (for example: not eligible for auto-proxying)
2020-03-01 12:45:21.061  INFO 7928 --- [main] trationDelegate$BeanPostProcessorChecker : Bean 'org.springframework.cloud.autoconfigure.ConfigurationPropertiesRebinderAutoConfiguration' of type [org.springframework.cloud.autoconfigure.ConfigurationPropertiesRebinderAutoConfiguration$$EnhancerBySpringCGLIB$$f0ab0892] is not eligible for getting processed by all BeanPostProcessors (for example: not eligible for auto-proxying)
2020-03-01 12:45:21.364  INFO 7928 --- [main] o.s.b.w.embedded.tomcat.TomcatWebServer  : Tomcat initialized with port(s): 8303 (http)
2020-03-01 12:45:21.385  INFO 7928 --- [main] o.apache.catalina.core.StandardService   : Starting service [Tomcat]
2020-03-01 12:45:21.385  INFO 7928 --- [main] org.apache.catalina.core.StandardEngine  : Starting Servlet engine: [Apache Tomcat/9.0.14]
2020-03-01 12:45:21.392  INFO 7928 --- [main] o.a.catalina.core.AprLifecycleListener   : The APR based Apache Tomcat Native library which allows optimal performance in production environments was not found on the java.library.path: [C:\Program Files\Java\jre1.8.0_144\bin;C:\WINDOWS\Sun\Java\bin;C:\WINDOWS\system32;C:\WINDOWS;C:/Program Files/Java/jre1.8.0_144/bin/server;C:/Program Files/Java/jre1.8.0_144/bin;C:/Program Files/Java/jre1.8.0_144/lib/amd64;C:\ProgramData\Oracle\Java\javapath;C:\Program Files (x86)\Intel\iCLS Client\;C:\Program Files\Intel\iCLS Client\;C:\WINDOWS\system32;C:\WINDOWS;C:\WINDOWS\System32\Wbem;C:\WINDOWS\System32\WindowsPowerShell\v1.0\;C:\Program Files (x86)\Intel\Intel(R) Management Engine Components\DAL;C:\Program Files\Intel\Intel(R) Management Engine Components\DAL;C:\Program Files (x86)\Intel\Intel(R) Management Engine Components\IPT;C:\Program Files\Intel\Intel(R) Management Engine Components\IPT;C:\WINDOWS\System32\OpenSSH\;C:\Program Files\dotnet\;C:\Program Files\nodejs\;E:\dev\apache-maven-3.6.0-bin\apache-maven-3.6.0\bin;C:\Program Files\Git\cmd;C:\Program Files\PuTTY\;C:\Users\test\AppData\Local\Microsoft\WindowsApps;C:\Program Files (x86)\SSH Communications Security\SSH Secure Shell;C:\Program Files\MySQL\MySQL Server 5.6\bin;;C:\Program Files\Microsoft VS Code\bin;C:\Users\test\AppData\Roaming\npm;E:\dev\sts-bundle\sts-3.9.7.RELEASE;;.]
2020-03-01 12:45:21.524  INFO 7928 --- [main] o.a.c.c.C.[Tomcat].[localhost].[/]       : Initializing Spring embedded WebApplicationContext
2020-03-01 12:45:21.525  INFO 7928 --- [main] o.s.web.context.ContextLoader            : Root WebApplicationContext: initialization completed in 1066 ms
2020-03-01 12:45:21.788  WARN 7928 --- [main] o.s.c.n.a.ArchaiusAutoConfiguration      : No spring.application.name found, defaulting to 'application'
2020-03-01 12:45:21.792  WARN 7928 --- [main] c.n.c.sources.URLConfigurationSource     : No URLs will be polled as dynamic configuration sources.
2020-03-01 12:45:21.792  INFO 7928 --- [main] c.n.c.sources.URLConfigurationSource     : To enable URLs as dynamic configuration sources, define System property archaius.configurationSource.additionalUrls or make config.properties available on classpath.
2020-03-01 12:45:21.797  WARN 7928 --- [main] c.n.c.sources.URLConfigurationSource     : No URLs will be polled as dynamic configuration sources.
2020-03-01 12:45:21.798  INFO 7928 --- [main] c.n.c.sources.URLConfigurationSource     : To enable URLs as dynamic configuration sources, define System property archaius.configurationSource.additionalUrls or make config.properties available on classpath.
2020-03-01 12:45:21.981  INFO 7928 --- [main] o.s.s.concurrent.ThreadPoolTaskExecutor  : Initializing ExecutorService 'applicationTaskExecutor'
2020-03-01 12:45:22.142  INFO 7928 --- [main] o.s.s.c.ThreadPoolTaskScheduler          : Initializing ExecutorService 'taskScheduler'
2020-03-01 12:45:22.747  INFO 7928 --- [main] o.s.b.w.embedded.tomcat.TomcatWebServer  : Tomcat started on port(s): 8303 (http) with context path ''
2020-03-01 12:45:23.222  INFO 7928 --- [main] c.s.dianbiao.demon.DaemonApplication     : Started DaemonApplication in 5.856 seconds (JVM running for 6.883)
2020-03-01 12:45:23.223  INFO 7928 --- [main] com.shicha.dianbiao.demon.netty.Serv     : start server
2020-03-01 12:45:23.874  INFO 7928 --- [main] com.shicha.dianbiao.demon.netty.Serv     : server is ready at:8302
2020-03-01 12:45:53.202  INFO 7928 --- [nioEventLoopGroup-3-1] c.s.d.demon.netty.DeviceMessageDecoder   : --- A New Client ---
2020-03-01 12:46:04.748  INFO 7928 --- [nioEventLoopGroup-3-1] c.s.d.demon.netty.DeviceMessageDecoder   : 000000000018 login
2020-03-01 12:46:17.845  INFO 7928 --- [nioEventLoopGroup-3-1] c.s.d.demon.netty.DeviceMessageDecoder   : receive message:6818000000000068911d344393378373353383733533333333339555743533bb37333383c83b33de16
2020-03-01 12:46:17.846  INFO 7928 --- [nioEventLoopGroup-3-1] c.s.d.demon.netty.DeviceMessageDecoder   : 000000000018 got response: 6818000000000068911d344393378373353383733533333333339555743533bb37333383c83b33de16
2020-03-01 12:46:59.905  WARN 7928 --- [nioEventLoopGroup-3-1] c.s.d.demon.netty.DeviceMessageDecoder   : ---disconnect  ---000000000018
2020-03-01 12:47:01.577  INFO 7928 --- [nioEventLoopGroup-3-2] c.s.d.demon.netty.DeviceMessageDecoder   : --- A New Client ---
2020-03-01 12:47:11.349  INFO 7928 --- [nioEventLoopGroup-3-2] c.s.d.demon.netty.DeviceMessageDecoder   : 000000000018 login
2020-03-01 12:47:19.477  INFO 7928 --- [nioEventLoopGroup-3-2] c.s.d.demon.netty.DeviceMessageDecoder   : receive message:6818000000000068911d344393378373353383733533333333339555743533bb37333383c83b33de16
2020-03-01 12:47:19.478  INFO 7928 --- [nioEventLoopGroup-3-2] c.s.d.demon.netty.DeviceMessageDecoder   : 000000000018 got response: 6818000000000068911d344393378373353383733533333333339555743533bb37333383c83b33de16
2020-03-01 12:47:31.198  INFO 7928 --- [RMI TCP Connection(2)-127.0.0.1] inMXBeanRegistrar$SpringApplicationAdmin : Application shutdown requested.
2020-03-01 12:47:31.200  INFO 7928 --- [RMI TCP Connection(2)-127.0.0.1] o.s.s.c.ThreadPoolTaskScheduler          : Shutting down ExecutorService 'taskScheduler'
2020-03-01 12:47:31.201  INFO 7928 --- [RMI TCP Connection(2)-127.0.0.1] o.s.s.concurrent.ThreadPoolTaskExecutor  : Shutting down ExecutorService 'applicationTaskExecutor'
2020-03-01 12:47:31.434  INFO 7928 --- [RMI TCP Connection(2)-127.0.0.1] o.apache.catalina.core.StandardService   : Stopping service [Tomcat]
