2020-02-04 19:49:29.454  INFO 6428 --- [main] com.shicha.yzmgt.DemoApplication         : No active profile set, falling back to default profiles: default
2020-02-04 19:49:31.077  INFO 6428 --- [main] .s.d.r.c.RepositoryConfigurationDelegate : Bootstrapping Spring Data repositories in DEFAULT mode.
2020-02-04 19:49:31.402  INFO 6428 --- [main] .s.d.r.c.RepositoryConfigurationDelegate : Finished Spring Data repository scanning in 300ms. Found 7 repository interfaces.
2020-02-04 19:49:31.864  INFO 6428 --- [main] o.s.cloud.context.scope.GenericScope     : BeanFactory id=aee7e1c2-b625-3c59-bb40-05ecc9100a9e
2020-02-04 19:49:31.978  INFO 6428 --- [main] trationDelegate$BeanPostProcessorChecker : Bean 'com.shicha.yzmgt.controller.IDaemon' of type [org.springframework.cloud.openfeign.FeignClientFactoryBean] is not eligible for getting processed by all BeanPostProcessors (for example: not eligible for auto-proxying)
2020-02-04 19:49:32.101  INFO 6428 --- [main] trationDelegate$BeanPostProcessorChecker : Bean 'org.springframework.transaction.annotation.ProxyTransactionManagementConfiguration' of type [org.springframework.transaction.annotation.ProxyTransactionManagementConfiguration$$EnhancerBySpringCGLIB$$2ccee09b] is not eligible for getting processed by all BeanPostProcessors (for example: not eligible for auto-proxying)
2020-02-04 19:49:32.200  INFO 6428 --- [main] trationDelegate$BeanPostProcessorChecker : Bean 'org.springframework.security.config.annotation.configuration.ObjectPostProcessorConfiguration' of type [org.springframework.security.config.annotation.configuration.ObjectPostProcessorConfiguration$$EnhancerBySpringCGLIB$$c57ca8d5] is not eligible for getting processed by all BeanPostProcessors (for example: not eligible for auto-proxying)
2020-02-04 19:49:32.209  INFO 6428 --- [main] trationDelegate$BeanPostProcessorChecker : Bean 'objectPostProcessor' of type [org.springframework.security.config.annotation.configuration.AutowireBeanFactoryObjectPostProcessor] is not eligible for getting processed by all BeanPostProcessors (for example: not eligible for auto-proxying)
2020-02-04 19:49:32.212  INFO 6428 --- [main] trationDelegate$BeanPostProcessorChecker : Bean 'org.springframework.security.access.expression.method.DefaultMethodSecurityExpressionHandler@414f13fc' of type [org.springframework.security.access.expression.method.DefaultMethodSecurityExpressionHandler] is not eligible for getting processed by all BeanPostProcessors (for example: not eligible for auto-proxying)
2020-02-04 19:49:32.217  INFO 6428 --- [main] trationDelegate$BeanPostProcessorChecker : Bean 'org.springframework.security.config.annotation.method.configuration.GlobalMethodSecurityConfiguration' of type [org.springframework.security.config.annotation.method.configuration.GlobalMethodSecurityConfiguration$$EnhancerBySpringCGLIB$$ea514b87] is not eligible for getting processed by all BeanPostProcessors (for example: not eligible for auto-proxying)
2020-02-04 19:49:32.223  INFO 6428 --- [main] trationDelegate$BeanPostProcessorChecker : Bean 'methodSecurityMetadataSource' of type [org.springframework.security.access.method.DelegatingMethodSecurityMetadataSource] is not eligible for getting processed by all BeanPostProcessors (for example: not eligible for auto-proxying)
2020-02-04 19:49:32.300  INFO 6428 --- [main] trationDelegate$BeanPostProcessorChecker : Bean 'org.springframework.cloud.autoconfigure.ConfigurationPropertiesRebinderAutoConfiguration' of type [org.springframework.cloud.autoconfigure.ConfigurationPropertiesRebinderAutoConfiguration$$EnhancerBySpringCGLIB$$48e8e398] is not eligible for getting processed by all BeanPostProcessors (for example: not eligible for auto-proxying)
2020-02-04 19:49:33.119  INFO 6428 --- [main] o.s.b.w.embedded.tomcat.TomcatWebServer  : Tomcat initialized with port(s): 8300 (http)
2020-02-04 19:49:33.191  INFO 6428 --- [main] o.apache.catalina.core.StandardService   : Starting service [Tomcat]
2020-02-04 19:49:33.192  INFO 6428 --- [main] org.apache.catalina.core.StandardEngine  : Starting Servlet engine: [Apache Tomcat/9.0.14]
2020-02-04 19:49:33.216  INFO 6428 --- [main] o.a.catalina.core.AprLifecycleListener   : The APR based Apache Tomcat Native library which allows optimal performance in production environments was not found on the java.library.path: [C:\Program Files\Java\jre1.8.0_144\bin;C:\WINDOWS\Sun\Java\bin;C:\WINDOWS\system32;C:\WINDOWS;C:/Program Files/Java/jre1.8.0_144/bin/server;C:/Program Files/Java/jre1.8.0_144/bin;C:/Program Files/Java/jre1.8.0_144/lib/amd64;C:\ProgramData\Oracle\Java\javapath;C:\Program Files (x86)\Intel\iCLS Client\;C:\Program Files\Intel\iCLS Client\;C:\WINDOWS\system32;C:\WINDOWS;C:\WINDOWS\System32\Wbem;C:\WINDOWS\System32\WindowsPowerShell\v1.0\;C:\Program Files (x86)\Intel\Intel(R) Management Engine Components\DAL;C:\Program Files\Intel\Intel(R) Management Engine Components\DAL;C:\Program Files (x86)\Intel\Intel(R) Management Engine Components\IPT;C:\Program Files\Intel\Intel(R) Management Engine Components\IPT;C:\WINDOWS\System32\OpenSSH\;C:\Program Files\dotnet\;C:\Program Files\nodejs\;E:\dev\apache-maven-3.6.0-bin\apache-maven-3.6.0\bin;C:\Program Files\Git\cmd;C:\Program Files\PuTTY\;C:\Users\test\AppData\Local\Microsoft\WindowsApps;C:\Program Files (x86)\SSH Communications Security\SSH Secure Shell;C:\Program Files\MySQL\MySQL Server 5.6\bin;;C:\Program Files\Microsoft VS Code\bin;C:\Users\test\AppData\Roaming\npm;E:\dev\sts-bundle\sts-3.9.7.RELEASE;;.]
2020-02-04 19:49:33.753  INFO 6428 --- [main] o.a.c.c.C.[Tomcat].[localhost].[/]       : Initializing Spring embedded WebApplicationContext
2020-02-04 19:49:33.754  INFO 6428 --- [main] o.s.web.context.ContextLoader            : Root WebApplicationContext: initialization completed in 4276 ms
2020-02-04 19:49:34.666  INFO 6428 --- [main] com.zaxxer.hikari.HikariDataSource       : HikariPool-1 - Starting...
2020-02-04 19:49:35.423  INFO 6428 --- [main] com.zaxxer.hikari.HikariDataSource       : HikariPool-1 - Start completed.
2020-02-04 19:49:35.639  INFO 6428 --- [main] o.hibernate.jpa.internal.util.LogHelper  : HHH000204: Processing PersistenceUnitInfo [
	name: default
	...]
2020-02-04 19:49:35.845  INFO 6428 --- [main] org.hibernate.Version                    : HHH000412: Hibernate Core {5.3.7.Final}
2020-02-04 19:49:35.848  INFO 6428 --- [main] org.hibernate.cfg.Environment            : HHH000206: hibernate.properties not found
2020-02-04 19:49:36.427  INFO 6428 --- [main] o.hibernate.annotations.common.Version   : HCANN000001: Hibernate Commons Annotations {5.0.4.Final}
2020-02-04 19:49:36.759  INFO 6428 --- [main] org.hibernate.dialect.Dialect            : HHH000400: Using dialect: org.hibernate.dialect.MySQL5InnoDBDialect
2020-02-04 19:49:38.903  INFO 6428 --- [main] j.LocalContainerEntityManagerFactoryBean : Initialized JPA EntityManagerFactory for persistence unit 'default'
2020-02-04 19:49:40.469  INFO 6428 --- [main] o.s.s.concurrent.ThreadPoolTaskExecutor  : Initializing ExecutorService 'clientInboundChannelExecutor'
2020-02-04 19:49:40.478  INFO 6428 --- [main] o.s.s.concurrent.ThreadPoolTaskExecutor  : Initializing ExecutorService 'clientOutboundChannelExecutor'
2020-02-04 19:49:40.645  INFO 6428 --- [main] o.h.h.i.QueryTranslatorFactoryInitiator  : HHH000397: Using ASTQueryTranslatorFactory
2020-02-04 19:49:40.957  INFO 6428 --- [main] o.s.s.c.ThreadPoolTaskScheduler          : Initializing ExecutorService 'messageBrokerTaskScheduler'
2020-02-04 19:49:41.071  INFO 6428 --- [main] o.s.s.concurrent.ThreadPoolTaskExecutor  : Initializing ExecutorService 'brokerChannelExecutor'
2020-02-04 19:49:41.461  INFO 6428 --- [main] o.s.s.web.DefaultSecurityFilterChain     : Creating filter chain: Ant [pattern='/upload/**'], []
2020-02-04 19:49:41.461  INFO 6428 --- [main] o.s.s.web.DefaultSecurityFilterChain     : Creating filter chain: Ant [pattern='/download/**'], []
2020-02-04 19:49:41.462  INFO 6428 --- [main] o.s.s.web.DefaultSecurityFilterChain     : Creating filter chain: Ant [pattern='/'], []
2020-02-04 19:49:41.462  INFO 6428 --- [main] o.s.s.web.DefaultSecurityFilterChain     : Creating filter chain: Ant [pattern='/user/needlogin'], []
2020-02-04 19:49:41.462  INFO 6428 --- [main] o.s.s.web.DefaultSecurityFilterChain     : Creating filter chain: Ant [pattern='/user/logout'], []
2020-02-04 19:49:41.462  INFO 6428 --- [main] o.s.s.web.DefaultSecurityFilterChain     : Creating filter chain: Ant [pattern='/test/**'], []
2020-02-04 19:49:41.462  INFO 6428 --- [main] o.s.s.web.DefaultSecurityFilterChain     : Creating filter chain: Ant [pattern='/getdata'], []
2020-02-04 19:49:41.463  INFO 6428 --- [main] o.s.s.web.DefaultSecurityFilterChain     : Creating filter chain: Ant [pattern='/terminal/**'], []
2020-02-04 19:49:41.463  INFO 6428 --- [main] o.s.s.web.DefaultSecurityFilterChain     : Creating filter chain: Ant [pattern='/index.html'], []
2020-02-04 19:49:41.463  INFO 6428 --- [main] o.s.s.web.DefaultSecurityFilterChain     : Creating filter chain: Ant [pattern='/favico.ico'], []
2020-02-04 19:49:41.463  INFO 6428 --- [main] o.s.s.web.DefaultSecurityFilterChain     : Creating filter chain: Ant [pattern='/css/**'], []
2020-02-04 19:49:41.463  INFO 6428 --- [main] o.s.s.web.DefaultSecurityFilterChain     : Creating filter chain: Ant [pattern='/fonts/**'], []
2020-02-04 19:49:41.463  INFO 6428 --- [main] o.s.s.web.DefaultSecurityFilterChain     : Creating filter chain: Ant [pattern='/img/**'], []
2020-02-04 19:49:41.463  INFO 6428 --- [main] o.s.s.web.DefaultSecurityFilterChain     : Creating filter chain: Ant [pattern='/js/**'], []
2020-02-04 19:49:41.561  INFO 6428 --- [main] o.s.s.web.DefaultSecurityFilterChain     : Creating filter chain: any request, [org.springframework.security.web.context.request.async.WebAsyncManagerIntegrationFilter@1cc42abe, org.springframework.security.web.context.SecurityContextPersistenceFilter@374bf34b, org.springframework.security.web.header.HeaderWriterFilter@238a7e3d, org.springframework.security.web.authentication.logout.LogoutFilter@6d84ab90, com.shicha.yzmgt.security.CustomUsernamePasswordAuthenticationFilter@6f071d0c, org.springframework.security.web.authentication.UsernamePasswordAuthenticationFilter@7891742e, org.springframework.security.web.savedrequest.RequestCacheAwareFilter@6efc9d3f, org.springframework.security.web.servletapi.SecurityContextHolderAwareRequestFilter@84e43fb, org.springframework.security.web.authentication.AnonymousAuthenticationFilter@138d978e, org.springframework.security.web.session.SessionManagementFilter@6bec566e, org.springframework.security.web.access.ExceptionTranslationFilter@30a4a111, org.springframework.security.web.access.intercept.FilterSecurityInterceptor@5ead245]
2020-02-04 19:49:41.644  WARN 6428 --- [main] o.s.c.n.a.ArchaiusAutoConfiguration      : No spring.application.name found, defaulting to 'application'
2020-02-04 19:49:41.648  WARN 6428 --- [main] c.n.c.sources.URLConfigurationSource     : No URLs will be polled as dynamic configuration sources.
2020-02-04 19:49:41.648  INFO 6428 --- [main] c.n.c.sources.URLConfigurationSource     : To enable URLs as dynamic configuration sources, define System property archaius.configurationSource.additionalUrls or make config.properties available on classpath.
2020-02-04 19:49:41.667  WARN 6428 --- [main] c.n.c.sources.URLConfigurationSource     : No URLs will be polled as dynamic configuration sources.
2020-02-04 19:49:41.667  INFO 6428 --- [main] c.n.c.sources.URLConfigurationSource     : To enable URLs as dynamic configuration sources, define System property archaius.configurationSource.additionalUrls or make config.properties available on classpath.
2020-02-04 19:49:42.012  WARN 6428 --- [main] aWebConfiguration$JpaWebMvcConfiguration : spring.jpa.open-in-view is enabled by default. Therefore, database queries may be performed during view rendering. Explicitly configure spring.jpa.open-in-view to disable this warning
2020-02-04 19:49:42.144  INFO 6428 --- [main] o.s.b.a.w.s.WelcomePageHandlerMapping    : Adding welcome page: class path resource [static/index.html]
2020-02-04 19:49:43.306  INFO 6428 --- [main] o.s.m.s.b.SimpleBrokerMessageHandler     : Starting...
2020-02-04 19:49:43.307  INFO 6428 --- [main] o.s.m.s.b.SimpleBrokerMessageHandler     : BrokerAvailabilityEvent[available=true, SimpleBrokerMessageHandler [DefaultSubscriptionRegistry[cache[0 destination(s)], registry[0 sessions]]]]
2020-02-04 19:49:43.308  INFO 6428 --- [main] o.s.m.s.b.SimpleBrokerMessageHandler     : Started.
2020-02-04 19:49:43.528  INFO 6428 --- [main] o.s.b.w.embedded.tomcat.TomcatWebServer  : Tomcat started on port(s): 8300 (http) with context path ''
2020-02-04 19:49:43.953  INFO 6428 --- [main] com.shicha.yzmgt.DemoApplication         : Started DemoApplication in 17.551 seconds (JVM running for 24.595)
2020-02-04 19:50:41.068  INFO 6428 --- [MessageBroker-2] o.s.w.s.c.WebSocketMessageBrokerStats    : WebSocketSession[0 current WS(0)-HttpStream(0)-HttpPoll(0), 0 total, 0 closed abnormally (0 connect failure, 0 send limit, 0 transport error)], stompSubProtocol[processed CONNECT(0)-CONNECTED(0)-DISCONNECT(0)], stompBrokerRelay[null], inboundChannel[pool size = 0, active threads = 0, queued tasks = 0, completed tasks = 0], outboundChannel[pool size = 0, active threads = 0, queued tasks = 0, completed tasks = 0], sockJsScheduler[pool size = 4, active threads = 1, queued tasks = 2, completed tasks = 1]
2020-02-04 20:00:24.669  INFO 6428 --- [http-nio-8300-exec-2] o.a.c.c.C.[Tomcat].[localhost].[/]       : Initializing Spring DispatcherServlet 'dispatcherServlet'
2020-02-04 20:00:24.669  INFO 6428 --- [http-nio-8300-exec-2] o.s.web.servlet.DispatcherServlet        : Initializing Servlet 'dispatcherServlet'
2020-02-04 20:00:24.686  INFO 6428 --- [http-nio-8300-exec-2] o.s.web.servlet.DispatcherServlet        : Completed initialization in 17 ms
2020-02-04 20:10:31.323  INFO 6428 --- [RMI TCP Connection(2)-127.0.0.1] inMXBeanRegistrar$SpringApplicationAdmin : Application shutdown requested.
2020-02-04 20:10:31.328  INFO 6428 --- [RMI TCP Connection(2)-127.0.0.1] o.s.m.s.b.SimpleBrokerMessageHandler     : Stopping...
2020-02-04 20:10:31.341  INFO 6428 --- [RMI TCP Connection(2)-127.0.0.1] o.s.m.s.b.SimpleBrokerMessageHandler     : BrokerAvailabilityEvent[available=false, SimpleBrokerMessageHandler [DefaultSubscriptionRegistry[cache[0 destination(s)], registry[0 sessions]]]]
2020-02-04 20:10:31.342  INFO 6428 --- [RMI TCP Connection(2)-127.0.0.1] o.s.m.s.b.SimpleBrokerMessageHandler     : Stopped.
2020-02-04 20:10:31.368  INFO 6428 --- [RMI TCP Connection(2)-127.0.0.1] o.s.s.concurrent.ThreadPoolTaskExecutor  : Shutting down ExecutorService 'brokerChannelExecutor'
2020-02-04 20:10:31.370  INFO 6428 --- [RMI TCP Connection(2)-127.0.0.1] o.s.s.c.ThreadPoolTaskScheduler          : Shutting down ExecutorService 'messageBrokerTaskScheduler'
2020-02-04 20:10:31.371  INFO 6428 --- [RMI TCP Connection(2)-127.0.0.1] o.s.s.concurrent.ThreadPoolTaskExecutor  : Shutting down ExecutorService 'clientOutboundChannelExecutor'
2020-02-04 20:10:31.371  INFO 6428 --- [RMI TCP Connection(2)-127.0.0.1] o.s.s.concurrent.ThreadPoolTaskExecutor  : Shutting down ExecutorService 'clientInboundChannelExecutor'
2020-02-04 20:10:31.378  INFO 6428 --- [RMI TCP Connection(2)-127.0.0.1] j.LocalContainerEntityManagerFactoryBean : Closing JPA EntityManagerFactory for persistence unit 'default'
2020-02-04 20:10:31.390  INFO 6428 --- [RMI TCP Connection(2)-127.0.0.1] com.zaxxer.hikari.HikariDataSource       : HikariPool-1 - Shutdown initiated...
2020-02-04 20:10:31.402  INFO 6428 --- [RMI TCP Connection(2)-127.0.0.1] com.zaxxer.hikari.HikariDataSource       : HikariPool-1 - Shutdown completed.
2020-02-04 20:10:31.723  INFO 6428 --- [RMI TCP Connection(2)-127.0.0.1] o.apache.catalina.core.StandardService   : Stopping service [Tomcat]
2020-02-04 20:10:31.729  INFO 6428 --- [RMI TCP Connection(2)-127.0.0.1] o.a.c.c.C.[Tomcat].[localhost].[/]       : Destroying Spring FrameworkServlet 'dispatcherServlet'
2020-02-04 20:49:11.377  INFO 16148 --- [main] com.shicha.yzmgt.DemoApplication         : No active profile set, falling back to default profiles: default
2020-02-04 20:49:12.296  INFO 16148 --- [main] .s.d.r.c.RepositoryConfigurationDelegate : Bootstrapping Spring Data repositories in DEFAULT mode.
2020-02-04 20:49:12.468  INFO 16148 --- [main] .s.d.r.c.RepositoryConfigurationDelegate : Finished Spring Data repository scanning in 158ms. Found 7 repository interfaces.
2020-02-04 20:49:12.919  INFO 16148 --- [main] o.s.cloud.context.scope.GenericScope     : BeanFactory id=9f6ab1fa-e6ef-353b-8c16-c101f0a6ad5f
2020-02-04 20:49:13.036  INFO 16148 --- [main] trationDelegate$BeanPostProcessorChecker : Bean 'com.shicha.yzmgt.controller.IDaemon' of type [org.springframework.cloud.openfeign.FeignClientFactoryBean] is not eligible for getting processed by all BeanPostProcessors (for example: not eligible for auto-proxying)
2020-02-04 20:49:13.156  INFO 16148 --- [main] trationDelegate$BeanPostProcessorChecker : Bean 'org.springframework.transaction.annotation.ProxyTransactionManagementConfiguration' of type [org.springframework.transaction.annotation.ProxyTransactionManagementConfiguration$$EnhancerBySpringCGLIB$$19c630e1] is not eligible for getting processed by all BeanPostProcessors (for example: not eligible for auto-proxying)
2020-02-04 20:49:13.213  INFO 16148 --- [main] trationDelegate$BeanPostProcessorChecker : Bean 'org.springframework.security.config.annotation.configuration.ObjectPostProcessorConfiguration' of type [org.springframework.security.config.annotation.configuration.ObjectPostProcessorConfiguration$$EnhancerBySpringCGLIB$$b273f91b] is not eligible for getting processed by all BeanPostProcessors (for example: not eligible for auto-proxying)
2020-02-04 20:49:13.224  INFO 16148 --- [main] trationDelegate$BeanPostProcessorChecker : Bean 'objectPostProcessor' of type [org.springframework.security.config.annotation.configuration.AutowireBeanFactoryObjectPostProcessor] is not eligible for getting processed by all BeanPostProcessors (for example: not eligible for auto-proxying)
2020-02-04 20:49:13.228  INFO 16148 --- [main] trationDelegate$BeanPostProcessorChecker : Bean 'org.springframework.security.access.expression.method.DefaultMethodSecurityExpressionHandler@2767e23c' of type [org.springframework.security.access.expression.method.DefaultMethodSecurityExpressionHandler] is not eligible for getting processed by all BeanPostProcessors (for example: not eligible for auto-proxying)
2020-02-04 20:49:13.230  INFO 16148 --- [main] trationDelegate$BeanPostProcessorChecker : Bean 'org.springframework.security.config.annotation.method.configuration.GlobalMethodSecurityConfiguration' of type [org.springframework.security.config.annotation.method.configuration.GlobalMethodSecurityConfiguration$$EnhancerBySpringCGLIB$$d7489bcd] is not eligible for getting processed by all BeanPostProcessors (for example: not eligible for auto-proxying)
2020-02-04 20:49:13.239  INFO 16148 --- [main] trationDelegate$BeanPostProcessorChecker : Bean 'methodSecurityMetadataSource' of type [org.springframework.security.access.method.DelegatingMethodSecurityMetadataSource] is not eligible for getting processed by all BeanPostProcessors (for example: not eligible for auto-proxying)
2020-02-04 20:49:13.269  INFO 16148 --- [main] trationDelegate$BeanPostProcessorChecker : Bean 'org.springframework.cloud.autoconfigure.ConfigurationPropertiesRebinderAutoConfiguration' of type [org.springframework.cloud.autoconfigure.ConfigurationPropertiesRebinderAutoConfiguration$$EnhancerBySpringCGLIB$$35e033de] is not eligible for getting processed by all BeanPostProcessors (for example: not eligible for auto-proxying)
2020-02-04 20:49:14.106  INFO 16148 --- [main] o.s.b.w.embedded.tomcat.TomcatWebServer  : Tomcat initialized with port(s): 8300 (http)
2020-02-04 20:49:14.159  INFO 16148 --- [main] o.apache.catalina.core.StandardService   : Starting service [Tomcat]
2020-02-04 20:49:14.161  INFO 16148 --- [main] org.apache.catalina.core.StandardEngine  : Starting Servlet engine: [Apache Tomcat/9.0.14]
2020-02-04 20:49:14.181  INFO 16148 --- [main] o.a.catalina.core.AprLifecycleListener   : The APR based Apache Tomcat Native library which allows optimal performance in production environments was not found on the java.library.path: [C:\ProgramData\Oracle\Java\javapath;C:\WINDOWS\Sun\Java\bin;C:\WINDOWS\system32;C:\WINDOWS;C:\ProgramData\Oracle\Java\javapath;C:\Program Files (x86)\Intel\iCLS Client\;C:\Program Files\Intel\iCLS Client\;C:\WINDOWS\system32;C:\WINDOWS;C:\WINDOWS\System32\Wbem;C:\WINDOWS\System32\WindowsPowerShell\v1.0\;C:\Program Files (x86)\Intel\Intel(R) Management Engine Components\DAL;C:\Program Files\Intel\Intel(R) Management Engine Components\DAL;C:\Program Files (x86)\Intel\Intel(R) Management Engine Components\IPT;C:\Program Files\Intel\Intel(R) Management Engine Components\IPT;C:\WINDOWS\System32\OpenSSH\;C:\Program Files\dotnet\;C:\Program Files\nodejs\;E:\dev\apache-maven-3.6.0-bin\apache-maven-3.6.0\bin;C:\Program Files\Git\cmd;C:\Program Files\PuTTY\;C:\Users\test\AppData\Local\Microsoft\WindowsApps;C:\Program Files (x86)\SSH Communications Security\SSH Secure Shell;C:\Program Files\MySQL\MySQL Server 5.6\bin;;C:\Program Files\Microsoft VS Code\bin;C:\Users\test\AppData\Roaming\npm;.]
2020-02-04 20:49:14.329  INFO 16148 --- [main] o.a.c.c.C.[Tomcat].[localhost].[/]       : Initializing Spring embedded WebApplicationContext
2020-02-04 20:49:14.330  INFO 16148 --- [main] o.s.web.context.ContextLoader            : Root WebApplicationContext: initialization completed in 2920 ms
2020-02-04 20:49:14.688  INFO 16148 --- [main] com.zaxxer.hikari.HikariDataSource       : HikariPool-1 - Starting...
2020-02-04 20:49:15.020  INFO 16148 --- [main] com.zaxxer.hikari.HikariDataSource       : HikariPool-1 - Start completed.
2020-02-04 20:49:15.105  INFO 16148 --- [main] o.hibernate.jpa.internal.util.LogHelper  : HHH000204: Processing PersistenceUnitInfo [
	name: default
	...]
2020-02-04 20:49:15.234  INFO 16148 --- [main] org.hibernate.Version                    : HHH000412: Hibernate Core {5.3.7.Final}
2020-02-04 20:49:15.238  INFO 16148 --- [main] org.hibernate.cfg.Environment            : HHH000206: hibernate.properties not found
2020-02-04 20:49:15.528  INFO 16148 --- [main] o.hibernate.annotations.common.Version   : HCANN000001: Hibernate Commons Annotations {5.0.4.Final}
2020-02-04 20:49:16.058  INFO 16148 --- [main] org.hibernate.dialect.Dialect            : HHH000400: Using dialect: org.hibernate.dialect.MySQL5InnoDBDialect
2020-02-04 20:49:17.309  INFO 16148 --- [main] j.LocalContainerEntityManagerFactoryBean : Initialized JPA EntityManagerFactory for persistence unit 'default'
2020-02-04 20:49:18.689  INFO 16148 --- [main] o.s.s.concurrent.ThreadPoolTaskExecutor  : Initializing ExecutorService 'clientInboundChannelExecutor'
2020-02-04 20:49:18.703  INFO 16148 --- [main] o.s.s.concurrent.ThreadPoolTaskExecutor  : Initializing ExecutorService 'clientOutboundChannelExecutor'
2020-02-04 20:49:18.837  INFO 16148 --- [main] o.h.h.i.QueryTranslatorFactoryInitiator  : HHH000397: Using ASTQueryTranslatorFactory
2020-02-04 20:49:19.216  INFO 16148 --- [main] o.s.s.web.DefaultSecurityFilterChain     : Creating filter chain: Ant [pattern='/upload/**'], []
2020-02-04 20:49:19.217  INFO 16148 --- [main] o.s.s.web.DefaultSecurityFilterChain     : Creating filter chain: Ant [pattern='/download/**'], []
2020-02-04 20:49:19.218  INFO 16148 --- [main] o.s.s.web.DefaultSecurityFilterChain     : Creating filter chain: Ant [pattern='/'], []
2020-02-04 20:49:19.220  INFO 16148 --- [main] o.s.s.web.DefaultSecurityFilterChain     : Creating filter chain: Ant [pattern='/user/needlogin'], []
2020-02-04 20:49:19.221  INFO 16148 --- [main] o.s.s.web.DefaultSecurityFilterChain     : Creating filter chain: Ant [pattern='/user/logout'], []
2020-02-04 20:49:19.222  INFO 16148 --- [main] o.s.s.web.DefaultSecurityFilterChain     : Creating filter chain: Ant [pattern='/test/**'], []
2020-02-04 20:49:19.224  INFO 16148 --- [main] o.s.s.web.DefaultSecurityFilterChain     : Creating filter chain: Ant [pattern='/getdata'], []
2020-02-04 20:49:19.224  INFO 16148 --- [main] o.s.s.web.DefaultSecurityFilterChain     : Creating filter chain: Ant [pattern='/terminal/**'], []
2020-02-04 20:49:19.225  INFO 16148 --- [main] o.s.s.web.DefaultSecurityFilterChain     : Creating filter chain: Ant [pattern='/index.html'], []
2020-02-04 20:49:19.228  INFO 16148 --- [main] o.s.s.web.DefaultSecurityFilterChain     : Creating filter chain: Ant [pattern='/favico.ico'], []
2020-02-04 20:49:19.228  INFO 16148 --- [main] o.s.s.web.DefaultSecurityFilterChain     : Creating filter chain: Ant [pattern='/css/**'], []
2020-02-04 20:49:19.230  INFO 16148 --- [main] o.s.s.web.DefaultSecurityFilterChain     : Creating filter chain: Ant [pattern='/fonts/**'], []
2020-02-04 20:49:19.230  INFO 16148 --- [main] o.s.s.web.DefaultSecurityFilterChain     : Creating filter chain: Ant [pattern='/img/**'], []
2020-02-04 20:49:19.231  INFO 16148 --- [main] o.s.s.web.DefaultSecurityFilterChain     : Creating filter chain: Ant [pattern='/js/**'], []
2020-02-04 20:49:19.308  INFO 16148 --- [main] o.s.s.web.DefaultSecurityFilterChain     : Creating filter chain: any request, [org.springframework.security.web.context.request.async.WebAsyncManagerIntegrationFilter@5e63cad, org.springframework.security.web.context.SecurityContextPersistenceFilter@36c54a56, org.springframework.security.web.header.HeaderWriterFilter@7af707e0, org.springframework.security.web.authentication.logout.LogoutFilter@68ace111, com.shicha.yzmgt.security.CustomUsernamePasswordAuthenticationFilter@6759f091, org.springframework.security.web.authentication.UsernamePasswordAuthenticationFilter@4a951911, org.springframework.security.web.savedrequest.RequestCacheAwareFilter@7ba63fe5, org.springframework.security.web.servletapi.SecurityContextHolderAwareRequestFilter@125c082e, org.springframework.security.web.authentication.AnonymousAuthenticationFilter@33a053d, org.springframework.security.web.session.SessionManagementFilter@3ecedf21, org.springframework.security.web.access.ExceptionTranslationFilter@37ff4054, org.springframework.security.web.access.intercept.FilterSecurityInterceptor@2617f816]
2020-02-04 20:49:19.349  INFO 16148 --- [main] o.s.s.c.ThreadPoolTaskScheduler          : Initializing ExecutorService 'messageBrokerTaskScheduler'
2020-02-04 20:49:19.428  INFO 16148 --- [main] o.s.s.concurrent.ThreadPoolTaskExecutor  : Initializing ExecutorService 'brokerChannelExecutor'
2020-02-04 20:49:19.567  WARN 16148 --- [main] o.s.c.n.a.ArchaiusAutoConfiguration      : No spring.application.name found, defaulting to 'application'
2020-02-04 20:49:19.575  WARN 16148 --- [main] c.n.c.sources.URLConfigurationSource     : No URLs will be polled as dynamic configuration sources.
2020-02-04 20:49:19.576  INFO 16148 --- [main] c.n.c.sources.URLConfigurationSource     : To enable URLs as dynamic configuration sources, define System property archaius.configurationSource.additionalUrls or make config.properties available on classpath.
2020-02-04 20:49:19.592  WARN 16148 --- [main] c.n.c.sources.URLConfigurationSource     : No URLs will be polled as dynamic configuration sources.
2020-02-04 20:49:19.592  INFO 16148 --- [main] c.n.c.sources.URLConfigurationSource     : To enable URLs as dynamic configuration sources, define System property archaius.configurationSource.additionalUrls or make config.properties available on classpath.
2020-02-04 20:49:19.934  WARN 16148 --- [main] aWebConfiguration$JpaWebMvcConfiguration : spring.jpa.open-in-view is enabled by default. Therefore, database queries may be performed during view rendering. Explicitly configure spring.jpa.open-in-view to disable this warning
2020-02-04 20:49:20.071  INFO 16148 --- [main] o.s.b.a.w.s.WelcomePageHandlerMapping    : Adding welcome page: class path resource [static/index.html]
2020-02-04 20:49:21.006  INFO 16148 --- [main] o.s.m.s.b.SimpleBrokerMessageHandler     : Starting...
2020-02-04 20:49:21.012  INFO 16148 --- [main] o.s.m.s.b.SimpleBrokerMessageHandler     : BrokerAvailabilityEvent[available=true, SimpleBrokerMessageHandler [DefaultSubscriptionRegistry[cache[0 destination(s)], registry[0 sessions]]]]
2020-02-04 20:49:21.014  INFO 16148 --- [main] o.s.m.s.b.SimpleBrokerMessageHandler     : Started.
2020-02-04 20:49:21.114  INFO 16148 --- [main] o.s.b.w.embedded.tomcat.TomcatWebServer  : Tomcat started on port(s): 8300 (http) with context path ''
2020-02-04 20:49:22.643  INFO 16148 --- [main] o.s.cloud.commons.util.InetUtils         : Cannot determine local hostname
2020-02-04 20:49:22.653  INFO 16148 --- [main] com.shicha.yzmgt.DemoApplication         : Started DemoApplication in 14.442 seconds (JVM running for 15.286)
2020-02-04 20:50:11.470  INFO 16148 --- [http-nio-8300-exec-3] o.a.c.c.C.[Tomcat].[localhost].[/]       : Initializing Spring DispatcherServlet 'dispatcherServlet'
2020-02-04 20:50:11.471  INFO 16148 --- [http-nio-8300-exec-3] o.s.web.servlet.DispatcherServlet        : Initializing Servlet 'dispatcherServlet'
2020-02-04 20:50:11.490  INFO 16148 --- [http-nio-8300-exec-3] o.s.web.servlet.DispatcherServlet        : Completed initialization in 18 ms
2020-02-04 20:50:19.427  INFO 16148 --- [MessageBroker-2] o.s.w.s.c.WebSocketMessageBrokerStats    : WebSocketSession[1 current WS(1)-HttpStream(0)-HttpPoll(0), 1 total, 0 closed abnormally (0 connect failure, 0 send limit, 0 transport error)], stompSubProtocol[processed CONNECT(1)-CONNECTED(1)-DISCONNECT(0)], stompBrokerRelay[null], inboundChannel[pool size = 6, active threads = 0, queued tasks = 0, completed tasks = 6], outboundChannel[pool size = 1, active threads = 0, queued tasks = 0, completed tasks = 1], sockJsScheduler[pool size = 4, active threads = 1, queued tasks = 4, completed tasks = 2]
2020-02-04 20:50:32.642  INFO 16148 --- [Thread-6] o.s.m.s.b.SimpleBrokerMessageHandler     : Stopping...
2020-02-04 20:50:32.643  INFO 16148 --- [Thread-6] o.s.m.s.b.SimpleBrokerMessageHandler     : BrokerAvailabilityEvent[available=false, SimpleBrokerMessageHandler [DefaultSubscriptionRegistry[cache[0 destination(s)], registry[0 sessions]]]]
2020-02-04 20:50:32.646  INFO 16148 --- [Thread-6] o.s.m.s.b.SimpleBrokerMessageHandler     : Stopped.
2020-02-04 20:50:32.656  INFO 16148 --- [Thread-6] o.s.s.concurrent.ThreadPoolTaskExecutor  : Shutting down ExecutorService 'brokerChannelExecutor'
2020-02-04 20:50:32.661  INFO 16148 --- [Thread-6] o.s.s.c.ThreadPoolTaskScheduler          : Shutting down ExecutorService 'messageBrokerTaskScheduler'
2020-02-04 20:50:32.664  INFO 16148 --- [Thread-6] o.s.s.concurrent.ThreadPoolTaskExecutor  : Shutting down ExecutorService 'clientOutboundChannelExecutor'
2020-02-04 20:50:32.665  INFO 16148 --- [Thread-6] o.s.s.concurrent.ThreadPoolTaskExecutor  : Shutting down ExecutorService 'clientInboundChannelExecutor'
2020-02-04 20:50:32.681  INFO 16148 --- [Thread-6] j.LocalContainerEntityManagerFactoryBean : Closing JPA EntityManagerFactory for persistence unit 'default'
2020-02-04 20:50:32.690  INFO 16148 --- [Thread-6] com.zaxxer.hikari.HikariDataSource       : HikariPool-1 - Shutdown initiated...
2020-02-04 20:50:32.697  INFO 16148 --- [Thread-6] com.zaxxer.hikari.HikariDataSource       : HikariPool-1 - Shutdown completed.
