2019-10-10 20:57:43.785  INFO 5716 --- [main] com.shicha.yzmgt.DemoApplication         : Starting DemoApplication v0.0.1-SNAPSHOT on DESKTOP-1F7KIVG with PID 5716 (E:\prj\git\projects\dianbiao\demo\target\yzmgt-0.0.1-SNAPSHOT.jar started by test in E:\prj\git\projects\dianbiao\demo)
2019-10-10 20:57:43.861  INFO 5716 --- [main] com.shicha.yzmgt.DemoApplication         : No active profile set, falling back to default profiles: default
2019-10-10 20:57:48.319  INFO 5716 --- [main] .s.d.r.c.RepositoryConfigurationDelegate : Bootstrapping Spring Data repositories in DEFAULT mode.
2019-10-10 20:57:48.508  INFO 5716 --- [main] .s.d.r.c.RepositoryConfigurationDelegate : Finished Spring Data repository scanning in 168ms. Found 13 repository interfaces.
2019-10-10 20:57:49.415  INFO 5716 --- [main] trationDelegate$BeanPostProcessorChecker : Bean 'org.springframework.transaction.annotation.ProxyTransactionManagementConfiguration' of type [org.springframework.transaction.annotation.ProxyTransactionManagementConfiguration$$EnhancerBySpringCGLIB$$6470255e] is not eligible for getting processed by all BeanPostProcessors (for example: not eligible for auto-proxying)
2019-10-10 20:57:49.496  INFO 5716 --- [main] trationDelegate$BeanPostProcessorChecker : Bean 'org.springframework.security.config.annotation.configuration.ObjectPostProcessorConfiguration' of type [org.springframework.security.config.annotation.configuration.ObjectPostProcessorConfiguration$$EnhancerBySpringCGLIB$$fd1ded98] is not eligible for getting processed by all BeanPostProcessors (for example: not eligible for auto-proxying)
2019-10-10 20:57:49.504  INFO 5716 --- [main] trationDelegate$BeanPostProcessorChecker : Bean 'objectPostProcessor' of type [org.springframework.security.config.annotation.configuration.AutowireBeanFactoryObjectPostProcessor] is not eligible for getting processed by all BeanPostProcessors (for example: not eligible for auto-proxying)
2019-10-10 20:57:49.534  INFO 5716 --- [main] trationDelegate$BeanPostProcessorChecker : Bean 'org.springframework.security.access.expression.method.DefaultMethodSecurityExpressionHandler@5c671d7f' of type [org.springframework.security.access.expression.method.DefaultMethodSecurityExpressionHandler] is not eligible for getting processed by all BeanPostProcessors (for example: not eligible for auto-proxying)
2019-10-10 20:57:49.536  INFO 5716 --- [main] trationDelegate$BeanPostProcessorChecker : Bean 'org.springframework.security.config.annotation.method.configuration.GlobalMethodSecurityConfiguration' of type [org.springframework.security.config.annotation.method.configuration.GlobalMethodSecurityConfiguration$$EnhancerBySpringCGLIB$$21f2904a] is not eligible for getting processed by all BeanPostProcessors (for example: not eligible for auto-proxying)
2019-10-10 20:57:49.542  INFO 5716 --- [main] trationDelegate$BeanPostProcessorChecker : Bean 'methodSecurityMetadataSource' of type [org.springframework.security.access.method.DelegatingMethodSecurityMetadataSource] is not eligible for getting processed by all BeanPostProcessors (for example: not eligible for auto-proxying)
2019-10-10 20:57:51.509  INFO 5716 --- [main] o.s.b.w.embedded.tomcat.TomcatWebServer  : Tomcat initialized with port(s): 8300 (http)
2019-10-10 20:57:51.666  INFO 5716 --- [main] o.apache.catalina.core.StandardService   : Starting service [Tomcat]
2019-10-10 20:57:51.667  INFO 5716 --- [main] org.apache.catalina.core.StandardEngine  : Starting Servlet engine: [Apache Tomcat/9.0.14]
2019-10-10 20:57:51.925  INFO 5716 --- [main] o.a.catalina.core.AprLifecycleListener   : The APR based Apache Tomcat Native library which allows optimal performance in production environments was not found on the java.library.path: [C:\ProgramData\Oracle\Java\javapath;C:\WINDOWS\Sun\Java\bin;C:\WINDOWS\system32;C:\WINDOWS;C:\ProgramData\Oracle\Java\javapath;C:\Program Files (x86)\Intel\iCLS Client\;C:\Program Files\Intel\iCLS Client\;C:\WINDOWS\system32;C:\WINDOWS;C:\WINDOWS\System32\Wbem;C:\WINDOWS\System32\WindowsPowerShell\v1.0\;C:\Program Files (x86)\Intel\Intel(R) Management Engine Components\DAL;C:\Program Files\Intel\Intel(R) Management Engine Components\DAL;C:\Program Files (x86)\Intel\Intel(R) Management Engine Components\IPT;C:\Program Files\Intel\Intel(R) Management Engine Components\IPT;C:\WINDOWS\System32\OpenSSH\;C:\Program Files\dotnet\;C:\Program Files\nodejs\;E:\dev\apache-maven-3.6.0-bin\apache-maven-3.6.0\bin;C:\Program Files\Git\cmd;C:\Users\test\AppData\Local\Microsoft\WindowsApps;C:\Program Files (x86)\SSH Communications Security\SSH Secure Shell;C:\Program Files\MySQL\MySQL Server 5.6\bin;;C:\Program Files\Microsoft VS Code\bin;C:\Users\test\AppData\Roaming\npm;.]
2019-10-10 20:57:53.967  INFO 5716 --- [main] o.a.c.c.C.[Tomcat].[localhost].[/]       : Initializing Spring embedded WebApplicationContext
2019-10-10 20:57:53.967  INFO 5716 --- [main] o.s.web.context.ContextLoader            : Root WebApplicationContext: initialization completed in 9648 ms
2019-10-10 20:57:54.804  INFO 5716 --- [main] com.zaxxer.hikari.HikariDataSource       : HikariPool-1 - Starting...
2019-10-10 20:57:55.763  INFO 5716 --- [main] com.zaxxer.hikari.HikariDataSource       : HikariPool-1 - Start completed.
2019-10-10 20:57:56.008  INFO 5716 --- [main] o.hibernate.jpa.internal.util.LogHelper  : HHH000204: Processing PersistenceUnitInfo [
	name: default
	...]
2019-10-10 20:57:56.180  INFO 5716 --- [main] org.hibernate.Version                    : HHH000412: Hibernate Core {5.3.7.Final}
2019-10-10 20:57:56.183  INFO 5716 --- [main] org.hibernate.cfg.Environment            : HHH000206: hibernate.properties not found
2019-10-10 20:57:56.635  INFO 5716 --- [main] o.hibernate.annotations.common.Version   : HCANN000001: Hibernate Commons Annotations {5.0.4.Final}
2019-10-10 20:57:58.595  INFO 5716 --- [main] org.hibernate.dialect.Dialect            : HHH000400: Using dialect: org.hibernate.dialect.MySQL5InnoDBDialect
2019-10-10 20:58:01.444  INFO 5716 --- [main] j.LocalContainerEntityManagerFactoryBean : Initialized JPA EntityManagerFactory for persistence unit 'default'
2019-10-10 20:58:02.051  INFO 5716 --- [main] o.h.h.i.QueryTranslatorFactoryInitiator  : HHH000397: Using ASTQueryTranslatorFactory
2019-10-10 20:58:02.917  INFO 5716 --- [main] o.s.s.concurrent.ThreadPoolTaskExecutor  : Initializing ExecutorService 'clientInboundChannelExecutor'
2019-10-10 20:58:02.927  INFO 5716 --- [main] o.s.s.concurrent.ThreadPoolTaskExecutor  : Initializing ExecutorService 'clientOutboundChannelExecutor'
2019-10-10 20:58:03.401  INFO 5716 --- [main] o.s.s.web.DefaultSecurityFilterChain     : Creating filter chain: Ant [pattern='/upload/**'], []
2019-10-10 20:58:03.402  INFO 5716 --- [main] o.s.s.web.DefaultSecurityFilterChain     : Creating filter chain: Ant [pattern='/download/**'], []
2019-10-10 20:58:03.403  INFO 5716 --- [main] o.s.s.web.DefaultSecurityFilterChain     : Creating filter chain: Ant [pattern='/'], []
2019-10-10 20:58:03.406  INFO 5716 --- [main] o.s.s.web.DefaultSecurityFilterChain     : Creating filter chain: Ant [pattern='/user/needlogin'], []
2019-10-10 20:58:03.406  INFO 5716 --- [main] o.s.s.web.DefaultSecurityFilterChain     : Creating filter chain: Ant [pattern='/user/logout'], []
2019-10-10 20:58:03.407  INFO 5716 --- [main] o.s.s.web.DefaultSecurityFilterChain     : Creating filter chain: Ant [pattern='/terminal/**'], []
2019-10-10 20:58:03.408  INFO 5716 --- [main] o.s.s.web.DefaultSecurityFilterChain     : Creating filter chain: Ant [pattern='/index.html'], []
2019-10-10 20:58:03.409  INFO 5716 --- [main] o.s.s.web.DefaultSecurityFilterChain     : Creating filter chain: Ant [pattern='/favico.ico'], []
2019-10-10 20:58:03.410  INFO 5716 --- [main] o.s.s.web.DefaultSecurityFilterChain     : Creating filter chain: Ant [pattern='/css/**'], []
2019-10-10 20:58:03.410  INFO 5716 --- [main] o.s.s.web.DefaultSecurityFilterChain     : Creating filter chain: Ant [pattern='/fonts/**'], []
2019-10-10 20:58:03.413  INFO 5716 --- [main] o.s.s.web.DefaultSecurityFilterChain     : Creating filter chain: Ant [pattern='/img/**'], []
2019-10-10 20:58:03.414  INFO 5716 --- [main] o.s.s.web.DefaultSecurityFilterChain     : Creating filter chain: Ant [pattern='/js/**'], []
2019-10-10 20:58:03.472  INFO 5716 --- [main] o.s.s.web.DefaultSecurityFilterChain     : Creating filter chain: any request, [org.springframework.security.web.context.request.async.WebAsyncManagerIntegrationFilter@701a32, org.springframework.security.web.context.SecurityContextPersistenceFilter@30e92cb9, org.springframework.security.web.header.HeaderWriterFilter@2228db21, org.springframework.security.web.authentication.logout.LogoutFilter@3bd55d8, com.shicha.yzmgt.security.CustomUsernamePasswordAuthenticationFilter@39aa45a1, org.springframework.security.web.authentication.UsernamePasswordAuthenticationFilter@2c42b421, org.springframework.security.web.savedrequest.RequestCacheAwareFilter@602c4656, org.springframework.security.web.servletapi.SecurityContextHolderAwareRequestFilter@3c443976, org.springframework.security.web.authentication.AnonymousAuthenticationFilter@73aff8f1, org.springframework.security.web.session.SessionManagementFilter@241a0c3a, org.springframework.security.web.access.ExceptionTranslationFilter@7b22ec89, org.springframework.security.web.access.intercept.FilterSecurityInterceptor@72be135f]
2019-10-10 20:58:03.509  INFO 5716 --- [main] o.s.s.c.ThreadPoolTaskScheduler          : Initializing ExecutorService 'messageBrokerTaskScheduler'
2019-10-10 20:58:03.584  INFO 5716 --- [main] o.s.s.concurrent.ThreadPoolTaskExecutor  : Initializing ExecutorService 'brokerChannelExecutor'
2019-10-10 20:58:03.924  WARN 5716 --- [main] aWebConfiguration$JpaWebMvcConfiguration : spring.jpa.open-in-view is enabled by default. Therefore, database queries may be performed during view rendering. Explicitly configure spring.jpa.open-in-view to disable this warning
2019-10-10 20:58:04.040  INFO 5716 --- [main] o.s.b.a.w.s.WelcomePageHandlerMapping    : Adding welcome page: class path resource [static/index.html]
2019-10-10 20:58:04.241  INFO 5716 --- [main] o.s.m.s.b.SimpleBrokerMessageHandler     : Starting...
2019-10-10 20:58:04.242  INFO 5716 --- [main] o.s.m.s.b.SimpleBrokerMessageHandler     : BrokerAvailabilityEvent[available=true, SimpleBrokerMessageHandler [DefaultSubscriptionRegistry[cache[0 destination(s)], registry[0 sessions]]]]
2019-10-10 20:58:04.243  INFO 5716 --- [main] o.s.m.s.b.SimpleBrokerMessageHandler     : Started.
2019-10-10 20:58:04.405  INFO 5716 --- [main] o.s.b.w.embedded.tomcat.TomcatWebServer  : Tomcat started on port(s): 8300 (http) with context path ''
2019-10-10 20:58:04.409  INFO 5716 --- [main] com.shicha.yzmgt.DemoApplication         : Started DemoApplication in 23.277 seconds (JVM running for 29.239)
2019-10-10 20:58:33.423  INFO 5716 --- [http-nio-8300-exec-1] o.a.c.c.C.[Tomcat].[localhost].[/]       : Initializing Spring DispatcherServlet 'dispatcherServlet'
2019-10-10 20:58:33.430  INFO 5716 --- [http-nio-8300-exec-1] o.s.web.servlet.DispatcherServlet        : Initializing Servlet 'dispatcherServlet'
2019-10-10 20:58:33.458  INFO 5716 --- [http-nio-8300-exec-1] o.s.web.servlet.DispatcherServlet        : Completed initialization in 27 ms
2019-10-10 20:59:03.584  INFO 5716 --- [MessageBroker-2] o.s.w.s.c.WebSocketMessageBrokerStats    : WebSocketSession[0 current WS(0)-HttpStream(0)-HttpPoll(0), 0 total, 0 closed abnormally (0 connect failure, 0 send limit, 0 transport error)], stompSubProtocol[processed CONNECT(0)-CONNECTED(0)-DISCONNECT(0)], stompBrokerRelay[null], inboundChannel[pool size = 0, active threads = 0, queued tasks = 0, completed tasks = 0], outboundChannel[pool size = 0, active threads = 0, queued tasks = 0, completed tasks = 0], sockJsScheduler[pool size = 4, active threads = 1, queued tasks = 2, completed tasks = 1]
2019-10-10 21:01:20.129  INFO 5716 --- [Thread-3] o.s.m.s.b.SimpleBrokerMessageHandler     : Stopping...
2019-10-10 21:01:20.130  INFO 5716 --- [Thread-3] o.s.m.s.b.SimpleBrokerMessageHandler     : BrokerAvailabilityEvent[available=false, SimpleBrokerMessageHandler [DefaultSubscriptionRegistry[cache[0 destination(s)], registry[0 sessions]]]]
2019-10-10 21:01:20.133  INFO 5716 --- [Thread-3] o.s.m.s.b.SimpleBrokerMessageHandler     : Stopped.
2019-10-10 21:01:20.141  INFO 5716 --- [Thread-3] o.s.s.concurrent.ThreadPoolTaskExecutor  : Shutting down ExecutorService 'brokerChannelExecutor'
2019-10-10 21:01:20.146  INFO 5716 --- [Thread-3] o.s.s.c.ThreadPoolTaskScheduler          : Shutting down ExecutorService 'messageBrokerTaskScheduler'
2019-10-10 21:01:20.149  INFO 5716 --- [Thread-3] o.s.s.concurrent.ThreadPoolTaskExecutor  : Shutting down ExecutorService 'clientOutboundChannelExecutor'
2019-10-10 21:01:20.151  INFO 5716 --- [Thread-3] o.s.s.concurrent.ThreadPoolTaskExecutor  : Shutting down ExecutorService 'clientInboundChannelExecutor'
2019-10-10 21:01:20.155  INFO 5716 --- [Thread-3] j.LocalContainerEntityManagerFactoryBean : Closing JPA EntityManagerFactory for persistence unit 'default'
2019-10-10 21:01:20.160  INFO 5716 --- [Thread-3] com.zaxxer.hikari.HikariDataSource       : HikariPool-1 - Shutdown initiated...
2019-10-10 21:01:20.228  INFO 5716 --- [Thread-3] com.zaxxer.hikari.HikariDataSource       : HikariPool-1 - Shutdown completed.
