2019-12-22 10:29:24.080  INFO 6632 --- [main] c.s.dianbiao.demon.DaemonApplication     : No active profile set, falling back to default profiles: default
2019-12-22 10:29:24.686  INFO 6632 --- [main] o.s.cloud.context.scope.GenericScope     : BeanFactory id=1ff2f2a6-5745-3008-b575-8b5c3642867c
2019-12-22 10:29:24.717  INFO 6632 --- [main] trationDelegate$BeanPostProcessorChecker : Bean 'com.shicha.dianbiao.demon.controller.INotifyHost' of type [org.springframework.cloud.openfeign.FeignClientFactoryBean] is not eligible for getting processed by all BeanPostProcessors (for example: not eligible for auto-proxying)
2019-12-22 10:29:24.817  INFO 6632 --- [main] trationDelegate$BeanPostProcessorChecker : Bean 'org.springframework.cloud.autoconfigure.ConfigurationPropertiesRebinderAutoConfiguration' of type [org.springframework.cloud.autoconfigure.ConfigurationPropertiesRebinderAutoConfiguration$$EnhancerBySpringCGLIB$$52bfc5ff] is not eligible for getting processed by all BeanPostProcessors (for example: not eligible for auto-proxying)
2019-12-22 10:29:25.420  INFO 6632 --- [main] o.s.b.w.embedded.tomcat.TomcatWebServer  : Tomcat initialized with port(s): 8303 (http)
2019-12-22 10:29:25.473  INFO 6632 --- [main] o.apache.catalina.core.StandardService   : Starting service [Tomcat]
2019-12-22 10:29:25.474  INFO 6632 --- [main] org.apache.catalina.core.StandardEngine  : Starting Servlet engine: [Apache Tomcat/9.0.14]
2019-12-22 10:29:25.499  INFO 6632 --- [main] o.a.catalina.core.AprLifecycleListener   : The APR based Apache Tomcat Native library which allows optimal performance in production environments was not found on the java.library.path: [C:\Program Files\Java\jre1.8.0_144\bin;C:\WINDOWS\Sun\Java\bin;C:\WINDOWS\system32;C:\WINDOWS;C:/Program Files/Java/jre1.8.0_144/bin/server;C:/Program Files/Java/jre1.8.0_144/bin;C:/Program Files/Java/jre1.8.0_144/lib/amd64;C:\ProgramData\Oracle\Java\javapath;C:\Program Files (x86)\Intel\iCLS Client\;C:\Program Files\Intel\iCLS Client\;C:\WINDOWS\system32;C:\WINDOWS;C:\WINDOWS\System32\Wbem;C:\WINDOWS\System32\WindowsPowerShell\v1.0\;C:\Program Files (x86)\Intel\Intel(R) Management Engine Components\DAL;C:\Program Files\Intel\Intel(R) Management Engine Components\DAL;C:\Program Files (x86)\Intel\Intel(R) Management Engine Components\IPT;C:\Program Files\Intel\Intel(R) Management Engine Components\IPT;C:\WINDOWS\System32\OpenSSH\;C:\Program Files\dotnet\;C:\Program Files\nodejs\;E:\dev\apache-maven-3.6.0-bin\apache-maven-3.6.0\bin;C:\Program Files\Git\cmd;C:\Program Files\PuTTY\;C:\Users\test\AppData\Local\Microsoft\WindowsApps;C:\Program Files (x86)\SSH Communications Security\SSH Secure Shell;C:\Program Files\MySQL\MySQL Server 5.6\bin;;C:\Program Files\Microsoft VS Code\bin;C:\Users\test\AppData\Roaming\npm;E:\dev\sts-bundle\sts-3.9.7.RELEASE;;.]
2019-12-22 10:29:25.728  INFO 6632 --- [main] o.a.c.c.C.[Tomcat].[localhost].[/]       : Initializing Spring embedded WebApplicationContext
2019-12-22 10:29:25.729  INFO 6632 --- [main] o.s.web.context.ContextLoader            : Root WebApplicationContext: initialization completed in 1628 ms
2019-12-22 10:29:26.179  WARN 6632 --- [main] o.s.c.n.a.ArchaiusAutoConfiguration      : No spring.application.name found, defaulting to 'application'
2019-12-22 10:29:26.182  WARN 6632 --- [main] c.n.c.sources.URLConfigurationSource     : No URLs will be polled as dynamic configuration sources.
2019-12-22 10:29:26.183  INFO 6632 --- [main] c.n.c.sources.URLConfigurationSource     : To enable URLs as dynamic configuration sources, define System property archaius.configurationSource.additionalUrls or make config.properties available on classpath.
2019-12-22 10:29:26.190  WARN 6632 --- [main] c.n.c.sources.URLConfigurationSource     : No URLs will be polled as dynamic configuration sources.
2019-12-22 10:29:26.190  INFO 6632 --- [main] c.n.c.sources.URLConfigurationSource     : To enable URLs as dynamic configuration sources, define System property archaius.configurationSource.additionalUrls or make config.properties available on classpath.
2019-12-22 10:29:26.424  INFO 6632 --- [main] o.s.s.concurrent.ThreadPoolTaskExecutor  : Initializing ExecutorService 'applicationTaskExecutor'
2019-12-22 10:29:26.618  INFO 6632 --- [main] o.s.s.c.ThreadPoolTaskScheduler          : Initializing ExecutorService 'taskScheduler'
2019-12-22 10:29:27.424  INFO 6632 --- [main] o.s.b.w.embedded.tomcat.TomcatWebServer  : Tomcat started on port(s): 8303 (http) with context path ''
2019-12-22 10:29:27.879  INFO 6632 --- [main] c.s.dianbiao.demon.DaemonApplication     : Started DaemonApplication in 6.938 seconds (JVM running for 10.992)
2019-12-22 10:29:27.881  INFO 6632 --- [main] com.shicha.dianbiao.demon.netty.Serv     : start server
2019-12-22 10:29:28.635  INFO 6632 --- [main] com.shicha.dianbiao.demon.netty.Serv     : server is ready at:8302
2019-12-22 10:29:46.290  INFO 6632 --- [nioEventLoopGroup-3-1] c.s.d.demon.netty.DeviceMessageDecoder   : --- A New Client ---
2019-12-22 10:33:56.289  INFO 6632 --- [nioEventLoopGroup-3-1] c.s.d.demon.netty.DeviceMessageDecoder   : 010000000000 login
2019-12-22 10:35:44.575  INFO 6632 --- [http-nio-8303-exec-1] o.a.c.c.C.[Tomcat].[localhost].[/]       : Initializing Spring DispatcherServlet 'dispatcherServlet'
2019-12-22 10:35:44.575  INFO 6632 --- [http-nio-8303-exec-1] o.s.web.servlet.DispatcherServlet        : Initializing Servlet 'dispatcherServlet'
2019-12-22 10:35:44.586  INFO 6632 --- [http-nio-8303-exec-1] o.s.web.servlet.DispatcherServlet        : Completed initialization in 11 ms
2019-12-22 10:35:44.668  WARN 6632 --- [http-nio-8303-exec-1] .w.s.m.s.DefaultHandlerExceptionResolver : Resolved [org.springframework.web.HttpMediaTypeNotSupportedException: Content type 'text/plain;charset=UTF-8' not supported]
2019-12-22 10:35:50.449  INFO 6632 --- [http-nio-8303-exec-2] com.shicha.dianbiao.demon.netty.Device   : send command to :000000000001  content:010102
2019-12-22 10:35:50.449  INFO 6632 --- [http-nio-8303-exec-2] com.shicha.dianbiao.demon.netty.Device   : no connection with this address:000000000001
2019-12-22 10:35:50.450  INFO 6632 --- [http-nio-8303-exec-2] com.shicha.dianbiao.demon.netty.Device   : null
2019-12-22 10:36:54.923  INFO 6632 --- [nioEventLoopGroup-3-1] c.s.d.demon.netty.DeviceMessageDecoder   : ---disconnect  ---010000000000
2019-12-22 10:36:56.165  INFO 6632 --- [nioEventLoopGroup-3-2] c.s.d.demon.netty.DeviceMessageDecoder   : --- A New Client ---
2019-12-22 10:36:57.217  INFO 6632 --- [nioEventLoopGroup-3-2] c.s.d.demon.netty.DeviceMessageDecoder   : 010000000000 login
2019-12-22 10:37:48.172  INFO 6632 --- [nioEventLoopGroup-3-2] c.s.d.demon.netty.DeviceMessageDecoder   : ---disconnect  ---010000000000
2019-12-22 10:37:49.213  INFO 6632 --- [nioEventLoopGroup-3-3] c.s.d.demon.netty.DeviceMessageDecoder   : --- A New Client ---
2019-12-22 10:37:50.137  INFO 6632 --- [nioEventLoopGroup-3-3] c.s.d.demon.netty.DeviceMessageDecoder   : 000000000000 login
2019-12-22 10:38:02.579  INFO 6632 --- [nioEventLoopGroup-3-3] c.s.d.demon.netty.DeviceMessageDecoder   : ---disconnect  ---000000000000
2019-12-22 10:38:04.709  INFO 6632 --- [nioEventLoopGroup-3-4] c.s.d.demon.netty.DeviceMessageDecoder   : --- A New Client ---
2019-12-22 10:38:05.825  INFO 6632 --- [nioEventLoopGroup-3-4] c.s.d.demon.netty.DeviceMessageDecoder   : 000000000000 login
2019-12-22 10:38:33.571  INFO 6632 --- [nioEventLoopGroup-3-4] c.s.d.demon.netty.DeviceMessageDecoder   : ---disconnect  ---000000000000
2019-12-22 10:38:34.461  INFO 6632 --- [nioEventLoopGroup-3-5] c.s.d.demon.netty.DeviceMessageDecoder   : --- A New Client ---
2019-12-22 10:38:35.522  INFO 6632 --- [nioEventLoopGroup-3-5] c.s.d.demon.netty.DeviceMessageDecoder   : 000000000001 login
2019-12-22 10:38:41.061  INFO 6632 --- [http-nio-8303-exec-3] com.shicha.dianbiao.demon.netty.Device   : send command to :000000000001  content:010102
2019-12-22 10:39:07.321  INFO 6632 --- [nioEventLoopGroup-3-5] c.s.d.demon.netty.DeviceMessageDecoder   : 000000000001 login
2019-12-22 10:39:12.594  INFO 6632 --- [nioEventLoopGroup-3-5] c.s.d.demon.netty.DeviceMessageDecoder   : 000000000001 login
2019-12-22 10:39:33.353  INFO 6632 --- [nioEventLoopGroup-3-5] c.s.d.demon.netty.DeviceMessageDecoder   : 000000000001 login
2019-12-22 17:00:55.076  INFO 13660 --- [main] c.s.dianbiao.demon.DaemonApplication     : No active profile set, falling back to default profiles: default
2019-12-22 17:00:55.665  INFO 13660 --- [main] o.s.cloud.context.scope.GenericScope     : BeanFactory id=1ff2f2a6-5745-3008-b575-8b5c3642867c
2019-12-22 17:00:55.694  INFO 13660 --- [main] trationDelegate$BeanPostProcessorChecker : Bean 'com.shicha.dianbiao.demon.controller.INotifyHost' of type [org.springframework.cloud.openfeign.FeignClientFactoryBean] is not eligible for getting processed by all BeanPostProcessors (for example: not eligible for auto-proxying)
2019-12-22 17:00:55.780  INFO 13660 --- [main] trationDelegate$BeanPostProcessorChecker : Bean 'org.springframework.cloud.autoconfigure.ConfigurationPropertiesRebinderAutoConfiguration' of type [org.springframework.cloud.autoconfigure.ConfigurationPropertiesRebinderAutoConfiguration$$EnhancerBySpringCGLIB$$1b896b3e] is not eligible for getting processed by all BeanPostProcessors (for example: not eligible for auto-proxying)
2019-12-22 17:00:56.084  INFO 13660 --- [main] o.s.b.w.embedded.tomcat.TomcatWebServer  : Tomcat initialized with port(s): 8303 (http)
2019-12-22 17:00:56.105  INFO 13660 --- [main] o.apache.catalina.core.StandardService   : Starting service [Tomcat]
2019-12-22 17:00:56.106  INFO 13660 --- [main] org.apache.catalina.core.StandardEngine  : Starting Servlet engine: [Apache Tomcat/9.0.14]
2019-12-22 17:00:56.112  INFO 13660 --- [main] o.a.catalina.core.AprLifecycleListener   : The APR based Apache Tomcat Native library which allows optimal performance in production environments was not found on the java.library.path: [C:\Program Files\Java\jre1.8.0_144\bin;C:\WINDOWS\Sun\Java\bin;C:\WINDOWS\system32;C:\WINDOWS;C:/Program Files/Java/jre1.8.0_144/bin/server;C:/Program Files/Java/jre1.8.0_144/bin;C:/Program Files/Java/jre1.8.0_144/lib/amd64;C:\ProgramData\Oracle\Java\javapath;C:\Program Files (x86)\Intel\iCLS Client\;C:\Program Files\Intel\iCLS Client\;C:\WINDOWS\system32;C:\WINDOWS;C:\WINDOWS\System32\Wbem;C:\WINDOWS\System32\WindowsPowerShell\v1.0\;C:\Program Files (x86)\Intel\Intel(R) Management Engine Components\DAL;C:\Program Files\Intel\Intel(R) Management Engine Components\DAL;C:\Program Files (x86)\Intel\Intel(R) Management Engine Components\IPT;C:\Program Files\Intel\Intel(R) Management Engine Components\IPT;C:\WINDOWS\System32\OpenSSH\;C:\Program Files\dotnet\;C:\Program Files\nodejs\;E:\dev\apache-maven-3.6.0-bin\apache-maven-3.6.0\bin;C:\Program Files\Git\cmd;C:\Program Files\PuTTY\;C:\Users\test\AppData\Local\Microsoft\WindowsApps;C:\Program Files (x86)\SSH Communications Security\SSH Secure Shell;C:\Program Files\MySQL\MySQL Server 5.6\bin;;C:\Program Files\Microsoft VS Code\bin;C:\Users\test\AppData\Roaming\npm;E:\dev\sts-bundle\sts-3.9.7.RELEASE;;.]
2019-12-22 17:00:56.591  INFO 13660 --- [main] o.a.c.c.C.[Tomcat].[localhost].[/]       : Initializing Spring embedded WebApplicationContext
2019-12-22 17:00:56.592  INFO 13660 --- [main] o.s.web.context.ContextLoader            : Root WebApplicationContext: initialization completed in 1452 ms
2019-12-22 17:00:56.845  WARN 13660 --- [main] o.s.c.n.a.ArchaiusAutoConfiguration      : No spring.application.name found, defaulting to 'application'
2019-12-22 17:00:56.847  WARN 13660 --- [main] c.n.c.sources.URLConfigurationSource     : No URLs will be polled as dynamic configuration sources.
2019-12-22 17:00:56.848  INFO 13660 --- [main] c.n.c.sources.URLConfigurationSource     : To enable URLs as dynamic configuration sources, define System property archaius.configurationSource.additionalUrls or make config.properties available on classpath.
2019-12-22 17:00:56.853  WARN 13660 --- [main] c.n.c.sources.URLConfigurationSource     : No URLs will be polled as dynamic configuration sources.
2019-12-22 17:00:56.853  INFO 13660 --- [main] c.n.c.sources.URLConfigurationSource     : To enable URLs as dynamic configuration sources, define System property archaius.configurationSource.additionalUrls or make config.properties available on classpath.
2019-12-22 17:00:57.032  INFO 13660 --- [main] o.s.s.concurrent.ThreadPoolTaskExecutor  : Initializing ExecutorService 'applicationTaskExecutor'
2019-12-22 17:00:57.195  INFO 13660 --- [main] o.s.s.c.ThreadPoolTaskScheduler          : Initializing ExecutorService 'taskScheduler'
2019-12-22 17:00:57.798  INFO 13660 --- [main] o.s.b.w.embedded.tomcat.TomcatWebServer  : Tomcat started on port(s): 8303 (http) with context path ''
2019-12-22 17:00:58.267  INFO 13660 --- [main] c.s.dianbiao.demon.DaemonApplication     : Started DaemonApplication in 6.295 seconds (JVM running for 7.603)
2019-12-22 17:00:58.268  INFO 13660 --- [main] com.shicha.dianbiao.demon.netty.Serv     : start server
2019-12-22 17:00:58.922  INFO 13660 --- [main] com.shicha.dianbiao.demon.netty.Serv     : server is ready at:8302
2019-12-22 17:01:04.237  INFO 13660 --- [nioEventLoopGroup-3-1] c.s.d.demon.netty.DeviceMessageDecoder   : --- A New Client ---
2019-12-22 17:01:10.129  INFO 13660 --- [nioEventLoopGroup-3-1] c.s.d.demon.netty.DeviceMessageDecoder   : 000000000008 login
2019-12-22 17:01:43.322  INFO 13660 --- [http-nio-8303-exec-1] o.a.c.c.C.[Tomcat].[localhost].[/]       : Initializing Spring DispatcherServlet 'dispatcherServlet'
2019-12-22 17:01:43.323  INFO 13660 --- [http-nio-8303-exec-1] o.s.web.servlet.DispatcherServlet        : Initializing Servlet 'dispatcherServlet'
2019-12-22 17:01:43.333  INFO 13660 --- [http-nio-8303-exec-1] o.s.web.servlet.DispatcherServlet        : Completed initialization in 9 ms
2019-12-22 17:01:43.471  WARN 13660 --- [http-nio-8303-exec-1] .w.s.m.s.DefaultHandlerExceptionResolver : Resolved [org.springframework.http.converter.HttpMessageNotReadableException: JSON parse error: Invalid numeric value: Leading zeroes not allowed; nested exception is com.fasterxml.jackson.databind.JsonMappingException: Invalid numeric value: Leading zeroes not allowed
 at [Source: (PushbackInputStream); line: 1, column: 53] (through reference chain: com.shicha.dianbiao.demon.domain.RawCmd["buff"]->byte[][5])]
2019-12-22 17:03:25.022  WARN 13660 --- [http-nio-8303-exec-2] .w.s.m.s.DefaultHandlerExceptionResolver : Resolved [org.springframework.http.converter.HttpMessageNotReadableException: JSON parse error: Invalid numeric value: Leading zeroes not allowed; nested exception is com.fasterxml.jackson.databind.JsonMappingException: Invalid numeric value: Leading zeroes not allowed
 at [Source: (PushbackInputStream); line: 1, column: 53] (through reference chain: com.shicha.dianbiao.demon.domain.RawCmd["buff"]->byte[][5])]
2019-12-22 17:06:28.661  INFO 13660 --- [http-nio-8303-exec-5] com.shicha.dianbiao.demon.netty.Device   : send command to :000000000008  content:fefefefe6808000000000068110435343337c016
2019-12-22 17:12:10.066  INFO 13660 --- [RMI TCP Connection(2)-127.0.0.1] inMXBeanRegistrar$SpringApplicationAdmin : Application shutdown requested.
2019-12-22 17:12:10.069  INFO 13660 --- [RMI TCP Connection(2)-127.0.0.1] o.s.s.c.ThreadPoolTaskScheduler          : Shutting down ExecutorService 'taskScheduler'
2019-12-22 17:12:10.070  INFO 13660 --- [RMI TCP Connection(2)-127.0.0.1] o.s.s.concurrent.ThreadPoolTaskExecutor  : Shutting down ExecutorService 'applicationTaskExecutor'
2019-12-22 17:12:10.326  INFO 13660 --- [RMI TCP Connection(2)-127.0.0.1] o.apache.catalina.core.StandardService   : Stopping service [Tomcat]
2019-12-22 17:12:10.329  INFO 13660 --- [RMI TCP Connection(2)-127.0.0.1] o.a.c.c.C.[Tomcat].[localhost].[/]       : Destroying Spring FrameworkServlet 'dispatcherServlet'
2019-12-22 17:28:40.285  INFO 13164 --- [main] c.s.dianbiao.demon.DaemonApplication     : No active profile set, falling back to default profiles: default
2019-12-22 17:28:40.735  INFO 13164 --- [main] o.s.cloud.context.scope.GenericScope     : BeanFactory id=1ff2f2a6-5745-3008-b575-8b5c3642867c
2019-12-22 17:28:40.760  INFO 13164 --- [main] trationDelegate$BeanPostProcessorChecker : Bean 'com.shicha.dianbiao.demon.controller.INotifyHost' of type [org.springframework.cloud.openfeign.FeignClientFactoryBean] is not eligible for getting processed by all BeanPostProcessors (for example: not eligible for auto-proxying)
2019-12-22 17:28:40.824  INFO 13164 --- [main] trationDelegate$BeanPostProcessorChecker : Bean 'org.springframework.cloud.autoconfigure.ConfigurationPropertiesRebinderAutoConfiguration' of type [org.springframework.cloud.autoconfigure.ConfigurationPropertiesRebinderAutoConfiguration$$EnhancerBySpringCGLIB$$5535460f] is not eligible for getting processed by all BeanPostProcessors (for example: not eligible for auto-proxying)
2019-12-22 17:28:41.079  INFO 13164 --- [main] o.s.b.w.embedded.tomcat.TomcatWebServer  : Tomcat initialized with port(s): 8303 (http)
2019-12-22 17:28:41.098  INFO 13164 --- [main] o.apache.catalina.core.StandardService   : Starting service [Tomcat]
2019-12-22 17:28:41.098  INFO 13164 --- [main] org.apache.catalina.core.StandardEngine  : Starting Servlet engine: [Apache Tomcat/9.0.14]
2019-12-22 17:28:41.104  INFO 13164 --- [main] o.a.catalina.core.AprLifecycleListener   : The APR based Apache Tomcat Native library which allows optimal performance in production environments was not found on the java.library.path: [C:\Program Files\Java\jre1.8.0_144\bin;C:\WINDOWS\Sun\Java\bin;C:\WINDOWS\system32;C:\WINDOWS;C:/Program Files/Java/jre1.8.0_144/bin/server;C:/Program Files/Java/jre1.8.0_144/bin;C:/Program Files/Java/jre1.8.0_144/lib/amd64;C:\ProgramData\Oracle\Java\javapath;C:\Program Files (x86)\Intel\iCLS Client\;C:\Program Files\Intel\iCLS Client\;C:\WINDOWS\system32;C:\WINDOWS;C:\WINDOWS\System32\Wbem;C:\WINDOWS\System32\WindowsPowerShell\v1.0\;C:\Program Files (x86)\Intel\Intel(R) Management Engine Components\DAL;C:\Program Files\Intel\Intel(R) Management Engine Components\DAL;C:\Program Files (x86)\Intel\Intel(R) Management Engine Components\IPT;C:\Program Files\Intel\Intel(R) Management Engine Components\IPT;C:\WINDOWS\System32\OpenSSH\;C:\Program Files\dotnet\;C:\Program Files\nodejs\;E:\dev\apache-maven-3.6.0-bin\apache-maven-3.6.0\bin;C:\Program Files\Git\cmd;C:\Program Files\PuTTY\;C:\Users\test\AppData\Local\Microsoft\WindowsApps;C:\Program Files (x86)\SSH Communications Security\SSH Secure Shell;C:\Program Files\MySQL\MySQL Server 5.6\bin;;C:\Program Files\Microsoft VS Code\bin;C:\Users\test\AppData\Roaming\npm;E:\dev\sts-bundle\sts-3.9.7.RELEASE;;.]
2019-12-22 17:28:41.228  INFO 13164 --- [main] o.a.c.c.C.[Tomcat].[localhost].[/]       : Initializing Spring embedded WebApplicationContext
2019-12-22 17:28:41.228  INFO 13164 --- [main] o.s.web.context.ContextLoader            : Root WebApplicationContext: initialization completed in 929 ms
2019-12-22 17:28:41.467  WARN 13164 --- [main] o.s.c.n.a.ArchaiusAutoConfiguration      : No spring.application.name found, defaulting to 'application'
2019-12-22 17:28:41.469  WARN 13164 --- [main] c.n.c.sources.URLConfigurationSource     : No URLs will be polled as dynamic configuration sources.
2019-12-22 17:28:41.470  INFO 13164 --- [main] c.n.c.sources.URLConfigurationSource     : To enable URLs as dynamic configuration sources, define System property archaius.configurationSource.additionalUrls or make config.properties available on classpath.
2019-12-22 17:28:41.473  WARN 13164 --- [main] c.n.c.sources.URLConfigurationSource     : No URLs will be polled as dynamic configuration sources.
2019-12-22 17:28:41.473  INFO 13164 --- [main] c.n.c.sources.URLConfigurationSource     : To enable URLs as dynamic configuration sources, define System property archaius.configurationSource.additionalUrls or make config.properties available on classpath.
2019-12-22 17:28:41.634  INFO 13164 --- [main] o.s.s.concurrent.ThreadPoolTaskExecutor  : Initializing ExecutorService 'applicationTaskExecutor'
2019-12-22 17:28:41.766  INFO 13164 --- [main] o.s.s.c.ThreadPoolTaskScheduler          : Initializing ExecutorService 'taskScheduler'
2019-12-22 17:28:42.363  INFO 13164 --- [main] o.s.b.w.embedded.tomcat.TomcatWebServer  : Tomcat started on port(s): 8303 (http) with context path ''
2019-12-22 17:28:42.834  INFO 13164 --- [main] c.s.dianbiao.demon.DaemonApplication     : Started DaemonApplication in 5.563 seconds (JVM running for 6.339)
2019-12-22 17:28:42.835  INFO 13164 --- [main] com.shicha.dianbiao.demon.netty.Serv     : start server
2019-12-22 17:28:43.472  INFO 13164 --- [main] com.shicha.dianbiao.demon.netty.Serv     : server is ready at:8302
2019-12-22 17:28:48.331  INFO 13164 --- [nioEventLoopGroup-3-1] c.s.d.demon.netty.DeviceMessageDecoder   : --- A New Client ---
2019-12-22 17:28:49.586  INFO 13164 --- [nioEventLoopGroup-3-1] c.s.d.demon.netty.DeviceMessageDecoder   : 000000000008 login
2019-12-22 17:29:11.500  INFO 13164 --- [http-nio-8303-exec-2] o.a.c.c.C.[Tomcat].[localhost].[/]       : Initializing Spring DispatcherServlet 'dispatcherServlet'
2019-12-22 17:29:11.500  INFO 13164 --- [http-nio-8303-exec-2] o.s.web.servlet.DispatcherServlet        : Initializing Servlet 'dispatcherServlet'
2019-12-22 17:29:11.509  INFO 13164 --- [http-nio-8303-exec-2] o.s.web.servlet.DispatcherServlet        : Completed initialization in 9 ms
2019-12-22 17:29:11.547  WARN 13164 --- [http-nio-8303-exec-2] .w.s.m.s.DefaultHandlerExceptionResolver : Resolved [org.springframework.web.HttpMediaTypeNotSupportedException: Content type 'text/plain;charset=UTF-8' not supported]
2019-12-22 17:29:16.533  INFO 13164 --- [http-nio-8303-exec-1] com.shicha.dianbiao.demon.netty.Device   : send command to :000000000008  content:fefefefe68999999999999680806004944493f34bd16
2019-12-22 17:34:22.885  INFO 13164 --- [http-nio-8303-exec-4] com.shicha.dianbiao.demon.netty.Device   : send command to :000000000008  content:fefefefe68999999999999680806005144493f46d716
2019-12-22 17:35:40.884  INFO 13164 --- [http-nio-8303-exec-6] com.shicha.dianbiao.demon.netty.Device   : send command to :000000000008  content:fefefefe68999999999999680806005144493f46d716
2019-12-22 18:25:51.009  INFO 13164 --- [http-nio-8303-exec-8] com.shicha.dianbiao.demon.netty.Device   : send command to :000000000008  content:fefefefe6808000000000068110433373737c516
2019-12-22 19:06:29.597  INFO 13164 --- [RMI TCP Connection(2)-127.0.0.1] inMXBeanRegistrar$SpringApplicationAdmin : Application shutdown requested.
2019-12-22 19:06:29.601  INFO 13164 --- [RMI TCP Connection(2)-127.0.0.1] o.s.s.c.ThreadPoolTaskScheduler          : Shutting down ExecutorService 'taskScheduler'
2019-12-22 19:06:29.601  INFO 13164 --- [RMI TCP Connection(2)-127.0.0.1] o.s.s.concurrent.ThreadPoolTaskExecutor  : Shutting down ExecutorService 'applicationTaskExecutor'
2019-12-22 19:06:29.914  INFO 13164 --- [RMI TCP Connection(2)-127.0.0.1] o.apache.catalina.core.StandardService   : Stopping service [Tomcat]
2019-12-22 19:06:29.916  INFO 13164 --- [RMI TCP Connection(2)-127.0.0.1] o.a.c.c.C.[Tomcat].[localhost].[/]       : Destroying Spring FrameworkServlet 'dispatcherServlet'
2019-12-22 19:54:28.768  INFO 10548 --- [main] c.s.dianbiao.demon.DaemonApplication     : No active profile set, falling back to default profiles: default
2019-12-22 19:54:29.299  INFO 10548 --- [main] o.s.cloud.context.scope.GenericScope     : BeanFactory id=1ff2f2a6-5745-3008-b575-8b5c3642867c
2019-12-22 19:54:29.331  INFO 10548 --- [main] trationDelegate$BeanPostProcessorChecker : Bean 'com.shicha.dianbiao.demon.controller.INotifyHost' of type [org.springframework.cloud.openfeign.FeignClientFactoryBean] is not eligible for getting processed by all BeanPostProcessors (for example: not eligible for auto-proxying)
2019-12-22 19:54:29.418  INFO 10548 --- [main] trationDelegate$BeanPostProcessorChecker : Bean 'org.springframework.cloud.autoconfigure.ConfigurationPropertiesRebinderAutoConfiguration' of type [org.springframework.cloud.autoconfigure.ConfigurationPropertiesRebinderAutoConfiguration$$EnhancerBySpringCGLIB$$bd645736] is not eligible for getting processed by all BeanPostProcessors (for example: not eligible for auto-proxying)
2019-12-22 19:54:29.752  INFO 10548 --- [main] o.s.b.w.embedded.tomcat.TomcatWebServer  : Tomcat initialized with port(s): 8303 (http)
2019-12-22 19:54:29.775  INFO 10548 --- [main] o.apache.catalina.core.StandardService   : Starting service [Tomcat]
2019-12-22 19:54:29.776  INFO 10548 --- [main] org.apache.catalina.core.StandardEngine  : Starting Servlet engine: [Apache Tomcat/9.0.14]
2019-12-22 19:54:29.783  INFO 10548 --- [main] o.a.catalina.core.AprLifecycleListener   : The APR based Apache Tomcat Native library which allows optimal performance in production environments was not found on the java.library.path: [C:\Program Files\Java\jre1.8.0_144\bin;C:\WINDOWS\Sun\Java\bin;C:\WINDOWS\system32;C:\WINDOWS;C:/Program Files/Java/jre1.8.0_144/bin/server;C:/Program Files/Java/jre1.8.0_144/bin;C:/Program Files/Java/jre1.8.0_144/lib/amd64;C:\ProgramData\Oracle\Java\javapath;C:\Program Files (x86)\Intel\iCLS Client\;C:\Program Files\Intel\iCLS Client\;C:\WINDOWS\system32;C:\WINDOWS;C:\WINDOWS\System32\Wbem;C:\WINDOWS\System32\WindowsPowerShell\v1.0\;C:\Program Files (x86)\Intel\Intel(R) Management Engine Components\DAL;C:\Program Files\Intel\Intel(R) Management Engine Components\DAL;C:\Program Files (x86)\Intel\Intel(R) Management Engine Components\IPT;C:\Program Files\Intel\Intel(R) Management Engine Components\IPT;C:\WINDOWS\System32\OpenSSH\;C:\Program Files\dotnet\;C:\Program Files\nodejs\;E:\dev\apache-maven-3.6.0-bin\apache-maven-3.6.0\bin;C:\Program Files\Git\cmd;C:\Program Files\PuTTY\;C:\Users\test\AppData\Local\Microsoft\WindowsApps;C:\Program Files (x86)\SSH Communications Security\SSH Secure Shell;C:\Program Files\MySQL\MySQL Server 5.6\bin;;C:\Program Files\Microsoft VS Code\bin;C:\Users\test\AppData\Roaming\npm;E:\dev\sts-bundle\sts-3.9.7.RELEASE;;.]
2019-12-22 19:54:29.919  INFO 10548 --- [main] o.a.c.c.C.[Tomcat].[localhost].[/]       : Initializing Spring embedded WebApplicationContext
2019-12-22 19:54:29.919  INFO 10548 --- [main] o.s.web.context.ContextLoader            : Root WebApplicationContext: initialization completed in 1134 ms
2019-12-22 19:54:30.187  WARN 10548 --- [main] o.s.c.n.a.ArchaiusAutoConfiguration      : No spring.application.name found, defaulting to 'application'
2019-12-22 19:54:30.191  WARN 10548 --- [main] c.n.c.sources.URLConfigurationSource     : No URLs will be polled as dynamic configuration sources.
2019-12-22 19:54:30.191  INFO 10548 --- [main] c.n.c.sources.URLConfigurationSource     : To enable URLs as dynamic configuration sources, define System property archaius.configurationSource.additionalUrls or make config.properties available on classpath.
2019-12-22 19:54:30.197  WARN 10548 --- [main] c.n.c.sources.URLConfigurationSource     : No URLs will be polled as dynamic configuration sources.
2019-12-22 19:54:30.197  INFO 10548 --- [main] c.n.c.sources.URLConfigurationSource     : To enable URLs as dynamic configuration sources, define System property archaius.configurationSource.additionalUrls or make config.properties available on classpath.
2019-12-22 19:54:30.384  INFO 10548 --- [main] o.s.s.concurrent.ThreadPoolTaskExecutor  : Initializing ExecutorService 'applicationTaskExecutor'
2019-12-22 19:54:30.548  INFO 10548 --- [main] o.s.s.c.ThreadPoolTaskScheduler          : Initializing ExecutorService 'taskScheduler'
2019-12-22 19:54:31.151  INFO 10548 --- [main] o.s.b.w.embedded.tomcat.TomcatWebServer  : Tomcat started on port(s): 8303 (http) with context path ''
2019-12-22 19:54:31.610  INFO 10548 --- [main] c.s.dianbiao.demon.DaemonApplication     : Started DaemonApplication in 5.913 seconds (JVM running for 6.776)
2019-12-22 19:54:31.612  INFO 10548 --- [main] com.shicha.dianbiao.demon.netty.Serv     : start server
2019-12-22 19:54:32.260  INFO 10548 --- [main] com.shicha.dianbiao.demon.netty.Serv     : server is ready at:8302
2019-12-22 19:54:38.965  INFO 10548 --- [nioEventLoopGroup-3-1] c.s.d.demon.netty.DeviceMessageDecoder   : --- A New Client ---
2019-12-22 19:54:43.566  INFO 10548 --- [nioEventLoopGroup-3-1] c.s.d.demon.netty.DeviceMessageDecoder   : 000000000008 login
2019-12-22 19:55:31.212  INFO 10548 --- [http-nio-8303-exec-2] o.a.c.c.C.[Tomcat].[localhost].[/]       : Initializing Spring DispatcherServlet 'dispatcherServlet'
2019-12-22 19:55:31.213  INFO 10548 --- [http-nio-8303-exec-2] o.s.web.servlet.DispatcherServlet        : Initializing Servlet 'dispatcherServlet'
2019-12-22 19:55:31.222  INFO 10548 --- [http-nio-8303-exec-2] o.s.web.servlet.DispatcherServlet        : Completed initialization in 9 ms
2019-12-22 19:55:31.368  INFO 10548 --- [http-nio-8303-exec-2] com.shicha.dianbiao.demon.netty.Device   : cs=-109
2019-12-22 19:55:31.368  INFO 10548 --- [http-nio-8303-exec-2] com.shicha.dianbiao.demon.netty.Device   : send request:000000000008  fefefefe68080000000000681424343335373533333363636363343333cccccccccccccccccccccccccccccccccccccccccc9316
2019-12-22 19:55:31.369  INFO 10548 --- [http-nio-8303-exec-2] com.shicha.dianbiao.demon.netty.Device   : try to send comamnd to device:000000000008 but , it  is offline, just return -1
2019-12-22 19:55:31.369  INFO 10548 --- [http-nio-8303-exec-2] com.shicha.dianbiao.demon.netty.Device   : cs=-109
2019-12-22 19:55:31.369  INFO 10548 --- [http-nio-8303-exec-2] com.shicha.dianbiao.demon.netty.Device   : send request:000000000008  fefefefe68080000000000681424343335373533333363636363343333cccccccccccccccccccccccccccccccccccccccccc9316
2019-12-22 19:55:31.369  INFO 10548 --- [http-nio-8303-exec-2] com.shicha.dianbiao.demon.netty.Device   : try to send comamnd to device:000000000008 but , it  is offline, just return -1
2019-12-22 19:56:05.061  INFO 10548 --- [nioEventLoopGroup-3-1] c.s.d.demon.netty.DeviceMessageDecoder   : 000000000008 heartbeat
2019-12-22 19:56:09.240  INFO 10548 --- [http-nio-8303-exec-1] com.shicha.dianbiao.demon.netty.Device   : cs=-109
2019-12-22 19:56:09.241  INFO 10548 --- [http-nio-8303-exec-1] com.shicha.dianbiao.demon.netty.Device   : send request:000000000008  fefefefe68080000000000681424343335373533333363636363343333cccccccccccccccccccccccccccccccccccccccccc9316
2019-12-22 19:56:09.243  INFO 10548 --- [http-nio-8303-exec-1] com.shicha.dianbiao.demon.netty.Device   : cs=-109
2019-12-22 19:56:09.243  INFO 10548 --- [http-nio-8303-exec-1] com.shicha.dianbiao.demon.netty.Device   : send request:000000000008  fefefefe68080000000000681424343335373533333363636363343333cccccccccccccccccccccccccccccccccccccccccc9316
2019-12-22 20:06:57.001  INFO 8480 --- [main] c.s.dianbiao.demon.DaemonApplication     : No active profile set, falling back to default profiles: default
2019-12-22 20:06:57.523  INFO 8480 --- [main] o.s.cloud.context.scope.GenericScope     : BeanFactory id=1ff2f2a6-5745-3008-b575-8b5c3642867c
2019-12-22 20:06:57.552  INFO 8480 --- [main] trationDelegate$BeanPostProcessorChecker : Bean 'com.shicha.dianbiao.demon.controller.INotifyHost' of type [org.springframework.cloud.openfeign.FeignClientFactoryBean] is not eligible for getting processed by all BeanPostProcessors (for example: not eligible for auto-proxying)
2019-12-22 20:06:57.632  INFO 8480 --- [main] trationDelegate$BeanPostProcessorChecker : Bean 'org.springframework.cloud.autoconfigure.ConfigurationPropertiesRebinderAutoConfiguration' of type [org.springframework.cloud.autoconfigure.ConfigurationPropertiesRebinderAutoConfiguration$$EnhancerBySpringCGLIB$$973d1b6f] is not eligible for getting processed by all BeanPostProcessors (for example: not eligible for auto-proxying)
2019-12-22 20:06:57.943  INFO 8480 --- [main] o.s.b.w.embedded.tomcat.TomcatWebServer  : Tomcat initialized with port(s): 8303 (http)
2019-12-22 20:06:57.967  INFO 8480 --- [main] o.apache.catalina.core.StandardService   : Starting service [Tomcat]
2019-12-22 20:06:57.967  INFO 8480 --- [main] org.apache.catalina.core.StandardEngine  : Starting Servlet engine: [Apache Tomcat/9.0.14]
2019-12-22 20:06:57.974  INFO 8480 --- [main] o.a.catalina.core.AprLifecycleListener   : The APR based Apache Tomcat Native library which allows optimal performance in production environments was not found on the java.library.path: [C:\Program Files\Java\jre1.8.0_144\bin;C:\WINDOWS\Sun\Java\bin;C:\WINDOWS\system32;C:\WINDOWS;C:/Program Files/Java/jre1.8.0_144/bin/server;C:/Program Files/Java/jre1.8.0_144/bin;C:/Program Files/Java/jre1.8.0_144/lib/amd64;C:\ProgramData\Oracle\Java\javapath;C:\Program Files (x86)\Intel\iCLS Client\;C:\Program Files\Intel\iCLS Client\;C:\WINDOWS\system32;C:\WINDOWS;C:\WINDOWS\System32\Wbem;C:\WINDOWS\System32\WindowsPowerShell\v1.0\;C:\Program Files (x86)\Intel\Intel(R) Management Engine Components\DAL;C:\Program Files\Intel\Intel(R) Management Engine Components\DAL;C:\Program Files (x86)\Intel\Intel(R) Management Engine Components\IPT;C:\Program Files\Intel\Intel(R) Management Engine Components\IPT;C:\WINDOWS\System32\OpenSSH\;C:\Program Files\dotnet\;C:\Program Files\nodejs\;E:\dev\apache-maven-3.6.0-bin\apache-maven-3.6.0\bin;C:\Program Files\Git\cmd;C:\Program Files\PuTTY\;C:\Users\test\AppData\Local\Microsoft\WindowsApps;C:\Program Files (x86)\SSH Communications Security\SSH Secure Shell;C:\Program Files\MySQL\MySQL Server 5.6\bin;;C:\Program Files\Microsoft VS Code\bin;C:\Users\test\AppData\Roaming\npm;E:\dev\sts-bundle\sts-3.9.7.RELEASE;;.]
2019-12-22 20:06:58.110  INFO 8480 --- [main] o.a.c.c.C.[Tomcat].[localhost].[/]       : Initializing Spring embedded WebApplicationContext
2019-12-22 20:06:58.110  INFO 8480 --- [main] o.s.web.context.ContextLoader            : Root WebApplicationContext: initialization completed in 1092 ms
2019-12-22 20:06:58.378  WARN 8480 --- [main] o.s.c.n.a.ArchaiusAutoConfiguration      : No spring.application.name found, defaulting to 'application'
2019-12-22 20:06:58.381  WARN 8480 --- [main] c.n.c.sources.URLConfigurationSource     : No URLs will be polled as dynamic configuration sources.
2019-12-22 20:06:58.382  INFO 8480 --- [main] c.n.c.sources.URLConfigurationSource     : To enable URLs as dynamic configuration sources, define System property archaius.configurationSource.additionalUrls or make config.properties available on classpath.
2019-12-22 20:06:58.388  WARN 8480 --- [main] c.n.c.sources.URLConfigurationSource     : No URLs will be polled as dynamic configuration sources.
2019-12-22 20:06:58.388  INFO 8480 --- [main] c.n.c.sources.URLConfigurationSource     : To enable URLs as dynamic configuration sources, define System property archaius.configurationSource.additionalUrls or make config.properties available on classpath.
2019-12-22 20:06:58.583  INFO 8480 --- [main] o.s.s.concurrent.ThreadPoolTaskExecutor  : Initializing ExecutorService 'applicationTaskExecutor'
2019-12-22 20:06:58.745  INFO 8480 --- [main] o.s.s.c.ThreadPoolTaskScheduler          : Initializing ExecutorService 'taskScheduler'
2019-12-22 20:06:59.429  INFO 8480 --- [main] o.s.b.w.embedded.tomcat.TomcatWebServer  : Tomcat started on port(s): 8303 (http) with context path ''
2019-12-22 20:06:59.899  INFO 8480 --- [main] c.s.dianbiao.demon.DaemonApplication     : Started DaemonApplication in 5.961 seconds (JVM running for 6.972)
2019-12-22 20:06:59.901  INFO 8480 --- [main] com.shicha.dianbiao.demon.netty.Serv     : start server
2019-12-22 20:07:00.594  INFO 8480 --- [main] com.shicha.dianbiao.demon.netty.Serv     : server is ready at:8302
2019-12-22 20:07:39.699  INFO 12724 --- [main] c.s.dianbiao.demon.DaemonApplication     : No active profile set, falling back to default profiles: default
2019-12-22 20:07:40.224  INFO 12724 --- [main] o.s.cloud.context.scope.GenericScope     : BeanFactory id=1ff2f2a6-5745-3008-b575-8b5c3642867c
2019-12-22 20:07:40.252  INFO 12724 --- [main] trationDelegate$BeanPostProcessorChecker : Bean 'com.shicha.dianbiao.demon.controller.INotifyHost' of type [org.springframework.cloud.openfeign.FeignClientFactoryBean] is not eligible for getting processed by all BeanPostProcessors (for example: not eligible for auto-proxying)
2019-12-22 20:07:40.336  INFO 12724 --- [main] trationDelegate$BeanPostProcessorChecker : Bean 'org.springframework.cloud.autoconfigure.ConfigurationPropertiesRebinderAutoConfiguration' of type [org.springframework.cloud.autoconfigure.ConfigurationPropertiesRebinderAutoConfiguration$$EnhancerBySpringCGLIB$$1720311e] is not eligible for getting processed by all BeanPostProcessors (for example: not eligible for auto-proxying)
2019-12-22 20:07:40.635  INFO 12724 --- [main] o.s.b.w.embedded.tomcat.TomcatWebServer  : Tomcat initialized with port(s): 8303 (http)
2019-12-22 20:07:40.657  INFO 12724 --- [main] o.apache.catalina.core.StandardService   : Starting service [Tomcat]
2019-12-22 20:07:40.657  INFO 12724 --- [main] org.apache.catalina.core.StandardEngine  : Starting Servlet engine: [Apache Tomcat/9.0.14]
2019-12-22 20:07:40.664  INFO 12724 --- [main] o.a.catalina.core.AprLifecycleListener   : The APR based Apache Tomcat Native library which allows optimal performance in production environments was not found on the java.library.path: [C:\Program Files\Java\jre1.8.0_144\bin;C:\WINDOWS\Sun\Java\bin;C:\WINDOWS\system32;C:\WINDOWS;C:/Program Files/Java/jre1.8.0_144/bin/server;C:/Program Files/Java/jre1.8.0_144/bin;C:/Program Files/Java/jre1.8.0_144/lib/amd64;C:\ProgramData\Oracle\Java\javapath;C:\Program Files (x86)\Intel\iCLS Client\;C:\Program Files\Intel\iCLS Client\;C:\WINDOWS\system32;C:\WINDOWS;C:\WINDOWS\System32\Wbem;C:\WINDOWS\System32\WindowsPowerShell\v1.0\;C:\Program Files (x86)\Intel\Intel(R) Management Engine Components\DAL;C:\Program Files\Intel\Intel(R) Management Engine Components\DAL;C:\Program Files (x86)\Intel\Intel(R) Management Engine Components\IPT;C:\Program Files\Intel\Intel(R) Management Engine Components\IPT;C:\WINDOWS\System32\OpenSSH\;C:\Program Files\dotnet\;C:\Program Files\nodejs\;E:\dev\apache-maven-3.6.0-bin\apache-maven-3.6.0\bin;C:\Program Files\Git\cmd;C:\Program Files\PuTTY\;C:\Users\test\AppData\Local\Microsoft\WindowsApps;C:\Program Files (x86)\SSH Communications Security\SSH Secure Shell;C:\Program Files\MySQL\MySQL Server 5.6\bin;;C:\Program Files\Microsoft VS Code\bin;C:\Users\test\AppData\Roaming\npm;E:\dev\sts-bundle\sts-3.9.7.RELEASE;;.]
2019-12-22 20:07:40.799  INFO 12724 --- [main] o.a.c.c.C.[Tomcat].[localhost].[/]       : Initializing Spring embedded WebApplicationContext
2019-12-22 20:07:40.799  INFO 12724 --- [main] o.s.web.context.ContextLoader            : Root WebApplicationContext: initialization completed in 1083 ms
2019-12-22 20:07:41.073  WARN 12724 --- [main] o.s.c.n.a.ArchaiusAutoConfiguration      : No spring.application.name found, defaulting to 'application'
2019-12-22 20:07:41.076  WARN 12724 --- [main] c.n.c.sources.URLConfigurationSource     : No URLs will be polled as dynamic configuration sources.
2019-12-22 20:07:41.077  INFO 12724 --- [main] c.n.c.sources.URLConfigurationSource     : To enable URLs as dynamic configuration sources, define System property archaius.configurationSource.additionalUrls or make config.properties available on classpath.
2019-12-22 20:07:41.083  WARN 12724 --- [main] c.n.c.sources.URLConfigurationSource     : No URLs will be polled as dynamic configuration sources.
2019-12-22 20:07:41.083  INFO 12724 --- [main] c.n.c.sources.URLConfigurationSource     : To enable URLs as dynamic configuration sources, define System property archaius.configurationSource.additionalUrls or make config.properties available on classpath.
2019-12-22 20:07:41.268  INFO 12724 --- [main] o.s.s.concurrent.ThreadPoolTaskExecutor  : Initializing ExecutorService 'applicationTaskExecutor'
2019-12-22 20:07:41.424  INFO 12724 --- [main] o.s.s.c.ThreadPoolTaskScheduler          : Initializing ExecutorService 'taskScheduler'
2019-12-22 20:07:42.046  INFO 12724 --- [main] o.s.b.w.embedded.tomcat.TomcatWebServer  : Tomcat started on port(s): 8303 (http) with context path ''
2019-12-22 20:07:42.814  INFO 12724 --- [main] c.s.dianbiao.demon.DaemonApplication     : Started DaemonApplication in 6.21 seconds (JVM running for 7.229)
2019-12-22 20:07:42.816  INFO 12724 --- [main] com.shicha.dianbiao.demon.netty.Serv     : start server
2019-12-22 20:07:43.474  INFO 12724 --- [main] com.shicha.dianbiao.demon.netty.Serv     : server is ready at:8302
2019-12-22 20:07:52.260  INFO 12724 --- [nioEventLoopGroup-3-1] c.s.d.demon.netty.DeviceMessageDecoder   : --- A New Client ---
2019-12-22 20:07:53.272  INFO 12724 --- [nioEventLoopGroup-3-1] c.s.d.demon.netty.DeviceMessageDecoder   : 000000000008heartbeat
2019-12-22 20:08:01.925  INFO 12724 --- [http-nio-8303-exec-2] o.a.c.c.C.[Tomcat].[localhost].[/]       : Initializing Spring DispatcherServlet 'dispatcherServlet'
2019-12-22 20:08:01.925  INFO 12724 --- [http-nio-8303-exec-2] o.s.web.servlet.DispatcherServlet        : Initializing Servlet 'dispatcherServlet'
2019-12-22 20:08:01.938  INFO 12724 --- [http-nio-8303-exec-2] o.s.web.servlet.DispatcherServlet        : Completed initialization in 13 ms
2019-12-22 20:08:01.965  WARN 12724 --- [http-nio-8303-exec-2] .w.s.m.s.DefaultHandlerExceptionResolver : Resolved [org.springframework.web.HttpRequestMethodNotSupportedException: Request method 'GET' not supported]
2019-12-22 20:08:13.114 ERROR 12724 --- [http-nio-8303-exec-1] o.a.c.c.C.[.[.[/].[dispatcherServlet]    : Servlet.service() for servlet [dispatcherServlet] in context with path [] threw exception [Request processing failed; nested exception is java.lang.NumberFormatException: For input string: "{""] with root cause

java.lang.NumberFormatException: For input string: "{""
	at java.lang.NumberFormatException.forInputString(Unknown Source) ~[na:1.8.0_144]
	at java.lang.Integer.parseInt(Unknown Source) ~[na:1.8.0_144]
	at com.shicha.dianbiao.demon.netty.Device.encodeAddress(Device.java:239) ~[classes/:na]
	at com.shicha.dianbiao.demon.netty.Device.cmd(Device.java:217) ~[classes/:na]
	at com.shicha.dianbiao.demon.netty.Device.queryCmd(Device.java:75) ~[classes/:na]
	at com.shicha.dianbiao.demon.controller.CommandRequestController.readData(CommandRequestController.java:34) ~[classes/:na]
	at sun.reflect.NativeMethodAccessorImpl.invoke0(Native Method) ~[na:1.8.0_144]
	at sun.reflect.NativeMethodAccessorImpl.invoke(Unknown Source) ~[na:1.8.0_144]
	at sun.reflect.DelegatingMethodAccessorImpl.invoke(Unknown Source) ~[na:1.8.0_144]
	at java.lang.reflect.Method.invoke(Unknown Source) ~[na:1.8.0_144]
	at org.springframework.web.method.support.InvocableHandlerMethod.doInvoke(InvocableHandlerMethod.java:189) ~[spring-web-5.1.4.RELEASE.jar:5.1.4.RELEASE]
	at org.springframework.web.method.support.InvocableHandlerMethod.invokeForRequest(InvocableHandlerMethod.java:138) ~[spring-web-5.1.4.RELEASE.jar:5.1.4.RELEASE]
	at org.springframework.web.servlet.mvc.method.annotation.ServletInvocableHandlerMethod.invokeAndHandle(ServletInvocableHandlerMethod.java:102) ~[spring-webmvc-5.1.4.RELEASE.jar:5.1.4.RELEASE]
	at org.springframework.web.servlet.mvc.method.annotation.RequestMappingHandlerAdapter.invokeHandlerMethod(RequestMappingHandlerAdapter.java:895) ~[spring-webmvc-5.1.4.RELEASE.jar:5.1.4.RELEASE]
	at org.springframework.web.servlet.mvc.method.annotation.RequestMappingHandlerAdapter.handleInternal(RequestMappingHandlerAdapter.java:800) ~[spring-webmvc-5.1.4.RELEASE.jar:5.1.4.RELEASE]
	at org.springframework.web.servlet.mvc.method.AbstractHandlerMethodAdapter.handle(AbstractHandlerMethodAdapter.java:87) ~[spring-webmvc-5.1.4.RELEASE.jar:5.1.4.RELEASE]
	at org.springframework.web.servlet.DispatcherServlet.doDispatch(DispatcherServlet.java:1038) ~[spring-webmvc-5.1.4.RELEASE.jar:5.1.4.RELEASE]
	at org.springframework.web.servlet.DispatcherServlet.doService(DispatcherServlet.java:942) ~[spring-webmvc-5.1.4.RELEASE.jar:5.1.4.RELEASE]
	at org.springframework.web.servlet.FrameworkServlet.processRequest(FrameworkServlet.java:1005) ~[spring-webmvc-5.1.4.RELEASE.jar:5.1.4.RELEASE]
	at org.springframework.web.servlet.FrameworkServlet.doPost(FrameworkServlet.java:908) ~[spring-webmvc-5.1.4.RELEASE.jar:5.1.4.RELEASE]
	at javax.servlet.http.HttpServlet.service(HttpServlet.java:660) ~[tomcat-embed-core-9.0.14.jar:9.0.14]
	at org.springframework.web.servlet.FrameworkServlet.service(FrameworkServlet.java:882) ~[spring-webmvc-5.1.4.RELEASE.jar:5.1.4.RELEASE]
	at javax.servlet.http.HttpServlet.service(HttpServlet.java:741) ~[tomcat-embed-core-9.0.14.jar:9.0.14]
	at org.apache.catalina.core.ApplicationFilterChain.internalDoFilter(ApplicationFilterChain.java:231) ~[tomcat-embed-core-9.0.14.jar:9.0.14]
	at org.apache.catalina.core.ApplicationFilterChain.doFilter(ApplicationFilterChain.java:166) ~[tomcat-embed-core-9.0.14.jar:9.0.14]
	at org.apache.tomcat.websocket.server.WsFilter.doFilter(WsFilter.java:53) ~[tomcat-embed-websocket-9.0.14.jar:9.0.14]
	at org.apache.catalina.core.ApplicationFilterChain.internalDoFilter(ApplicationFilterChain.java:193) ~[tomcat-embed-core-9.0.14.jar:9.0.14]
	at org.apache.catalina.core.ApplicationFilterChain.doFilter(ApplicationFilterChain.java:166) ~[tomcat-embed-core-9.0.14.jar:9.0.14]
	at org.springframework.web.filter.RequestContextFilter.doFilterInternal(RequestContextFilter.java:99) ~[spring-web-5.1.4.RELEASE.jar:5.1.4.RELEASE]
	at org.springframework.web.filter.OncePerRequestFilter.doFilter(OncePerRequestFilter.java:107) ~[spring-web-5.1.4.RELEASE.jar:5.1.4.RELEASE]
	at org.apache.catalina.core.ApplicationFilterChain.internalDoFilter(ApplicationFilterChain.java:193) ~[tomcat-embed-core-9.0.14.jar:9.0.14]
	at org.apache.catalina.core.ApplicationFilterChain.doFilter(ApplicationFilterChain.java:166) ~[tomcat-embed-core-9.0.14.jar:9.0.14]
	at org.springframework.web.filter.FormContentFilter.doFilterInternal(FormContentFilter.java:92) ~[spring-web-5.1.4.RELEASE.jar:5.1.4.RELEASE]
	at org.springframework.web.filter.OncePerRequestFilter.doFilter(OncePerRequestFilter.java:107) ~[spring-web-5.1.4.RELEASE.jar:5.1.4.RELEASE]
	at org.apache.catalina.core.ApplicationFilterChain.internalDoFilter(ApplicationFilterChain.java:193) ~[tomcat-embed-core-9.0.14.jar:9.0.14]
	at org.apache.catalina.core.ApplicationFilterChain.doFilter(ApplicationFilterChain.java:166) ~[tomcat-embed-core-9.0.14.jar:9.0.14]
	at org.springframework.web.filter.HiddenHttpMethodFilter.doFilterInternal(HiddenHttpMethodFilter.java:93) ~[spring-web-5.1.4.RELEASE.jar:5.1.4.RELEASE]
	at org.springframework.web.filter.OncePerRequestFilter.doFilter(OncePerRequestFilter.java:107) ~[spring-web-5.1.4.RELEASE.jar:5.1.4.RELEASE]
	at org.apache.catalina.core.ApplicationFilterChain.internalDoFilter(ApplicationFilterChain.java:193) ~[tomcat-embed-core-9.0.14.jar:9.0.14]
	at org.apache.catalina.core.ApplicationFilterChain.doFilter(ApplicationFilterChain.java:166) ~[tomcat-embed-core-9.0.14.jar:9.0.14]
	at org.springframework.web.filter.CharacterEncodingFilter.doFilterInternal(CharacterEncodingFilter.java:200) ~[spring-web-5.1.4.RELEASE.jar:5.1.4.RELEASE]
	at org.springframework.web.filter.OncePerRequestFilter.doFilter(OncePerRequestFilter.java:107) ~[spring-web-5.1.4.RELEASE.jar:5.1.4.RELEASE]
	at org.apache.catalina.core.ApplicationFilterChain.internalDoFilter(ApplicationFilterChain.java:193) ~[tomcat-embed-core-9.0.14.jar:9.0.14]
	at org.apache.catalina.core.ApplicationFilterChain.doFilter(ApplicationFilterChain.java:166) ~[tomcat-embed-core-9.0.14.jar:9.0.14]
	at org.apache.catalina.core.StandardWrapperValve.invoke(StandardWrapperValve.java:199) ~[tomcat-embed-core-9.0.14.jar:9.0.14]
	at org.apache.catalina.core.StandardContextValve.invoke(StandardContextValve.java:96) [tomcat-embed-core-9.0.14.jar:9.0.14]
	at org.apache.catalina.authenticator.AuthenticatorBase.invoke(AuthenticatorBase.java:490) [tomcat-embed-core-9.0.14.jar:9.0.14]
	at org.apache.catalina.core.StandardHostValve.invoke(StandardHostValve.java:139) [tomcat-embed-core-9.0.14.jar:9.0.14]
	at org.apache.catalina.valves.ErrorReportValve.invoke(ErrorReportValve.java:92) [tomcat-embed-core-9.0.14.jar:9.0.14]
	at org.apache.catalina.core.StandardEngineValve.invoke(StandardEngineValve.java:74) [tomcat-embed-core-9.0.14.jar:9.0.14]
	at org.apache.catalina.connector.CoyoteAdapter.service(CoyoteAdapter.java:343) [tomcat-embed-core-9.0.14.jar:9.0.14]
	at org.apache.coyote.http11.Http11Processor.service(Http11Processor.java:408) [tomcat-embed-core-9.0.14.jar:9.0.14]
	at org.apache.coyote.AbstractProcessorLight.process(AbstractProcessorLight.java:66) [tomcat-embed-core-9.0.14.jar:9.0.14]
	at org.apache.coyote.AbstractProtocol$ConnectionHandler.process(AbstractProtocol.java:834) [tomcat-embed-core-9.0.14.jar:9.0.14]
	at org.apache.tomcat.util.net.NioEndpoint$SocketProcessor.doRun(NioEndpoint.java:1417) [tomcat-embed-core-9.0.14.jar:9.0.14]
	at org.apache.tomcat.util.net.SocketProcessorBase.run(SocketProcessorBase.java:49) [tomcat-embed-core-9.0.14.jar:9.0.14]
	at java.util.concurrent.ThreadPoolExecutor.runWorker(Unknown Source) [na:1.8.0_144]
	at java.util.concurrent.ThreadPoolExecutor$Worker.run(Unknown Source) [na:1.8.0_144]
	at org.apache.tomcat.util.threads.TaskThread$WrappingRunnable.run(TaskThread.java:61) [tomcat-embed-core-9.0.14.jar:9.0.14]
	at java.lang.Thread.run(Unknown Source) [na:1.8.0_144]

2019-12-22 20:09:32.428 ERROR 12724 --- [http-nio-8303-exec-4] o.a.c.c.C.[.[.[/].[dispatcherServlet]    : Servlet.service() for servlet [dispatcherServlet] in context with path [] threw exception [Request processing failed; nested exception is java.lang.NumberFormatException: For input string: "{""] with root cause

java.lang.NumberFormatException: For input string: "{""
	at java.lang.NumberFormatException.forInputString(Unknown Source) ~[na:1.8.0_144]
	at java.lang.Integer.parseInt(Unknown Source) ~[na:1.8.0_144]
	at com.shicha.dianbiao.demon.netty.Device.encodeAddress(Device.java:239) ~[classes/:na]
	at com.shicha.dianbiao.demon.netty.Device.cmd(Device.java:217) ~[classes/:na]
	at com.shicha.dianbiao.demon.netty.Device.queryCmd(Device.java:75) ~[classes/:na]
	at com.shicha.dianbiao.demon.controller.CommandRequestController.readData(CommandRequestController.java:34) ~[classes/:na]
	at sun.reflect.NativeMethodAccessorImpl.invoke0(Native Method) ~[na:1.8.0_144]
	at sun.reflect.NativeMethodAccessorImpl.invoke(Unknown Source) ~[na:1.8.0_144]
	at sun.reflect.DelegatingMethodAccessorImpl.invoke(Unknown Source) ~[na:1.8.0_144]
	at java.lang.reflect.Method.invoke(Unknown Source) ~[na:1.8.0_144]
	at org.springframework.web.method.support.InvocableHandlerMethod.doInvoke(InvocableHandlerMethod.java:189) ~[spring-web-5.1.4.RELEASE.jar:5.1.4.RELEASE]
	at org.springframework.web.method.support.InvocableHandlerMethod.invokeForRequest(InvocableHandlerMethod.java:138) ~[spring-web-5.1.4.RELEASE.jar:5.1.4.RELEASE]
	at org.springframework.web.servlet.mvc.method.annotation.ServletInvocableHandlerMethod.invokeAndHandle(ServletInvocableHandlerMethod.java:102) ~[spring-webmvc-5.1.4.RELEASE.jar:5.1.4.RELEASE]
	at org.springframework.web.servlet.mvc.method.annotation.RequestMappingHandlerAdapter.invokeHandlerMethod(RequestMappingHandlerAdapter.java:895) ~[spring-webmvc-5.1.4.RELEASE.jar:5.1.4.RELEASE]
	at org.springframework.web.servlet.mvc.method.annotation.RequestMappingHandlerAdapter.handleInternal(RequestMappingHandlerAdapter.java:800) ~[spring-webmvc-5.1.4.RELEASE.jar:5.1.4.RELEASE]
	at org.springframework.web.servlet.mvc.method.AbstractHandlerMethodAdapter.handle(AbstractHandlerMethodAdapter.java:87) ~[spring-webmvc-5.1.4.RELEASE.jar:5.1.4.RELEASE]
	at org.springframework.web.servlet.DispatcherServlet.doDispatch(DispatcherServlet.java:1038) ~[spring-webmvc-5.1.4.RELEASE.jar:5.1.4.RELEASE]
	at org.springframework.web.servlet.DispatcherServlet.doService(DispatcherServlet.java:942) ~[spring-webmvc-5.1.4.RELEASE.jar:5.1.4.RELEASE]
	at org.springframework.web.servlet.FrameworkServlet.processRequest(FrameworkServlet.java:1005) ~[spring-webmvc-5.1.4.RELEASE.jar:5.1.4.RELEASE]
	at org.springframework.web.servlet.FrameworkServlet.doPost(FrameworkServlet.java:908) ~[spring-webmvc-5.1.4.RELEASE.jar:5.1.4.RELEASE]
	at javax.servlet.http.HttpServlet.service(HttpServlet.java:660) ~[tomcat-embed-core-9.0.14.jar:9.0.14]
	at org.springframework.web.servlet.FrameworkServlet.service(FrameworkServlet.java:882) ~[spring-webmvc-5.1.4.RELEASE.jar:5.1.4.RELEASE]
	at javax.servlet.http.HttpServlet.service(HttpServlet.java:741) ~[tomcat-embed-core-9.0.14.jar:9.0.14]
	at org.apache.catalina.core.ApplicationFilterChain.internalDoFilter(ApplicationFilterChain.java:231) ~[tomcat-embed-core-9.0.14.jar:9.0.14]
	at org.apache.catalina.core.ApplicationFilterChain.doFilter(ApplicationFilterChain.java:166) ~[tomcat-embed-core-9.0.14.jar:9.0.14]
	at org.apache.tomcat.websocket.server.WsFilter.doFilter(WsFilter.java:53) ~[tomcat-embed-websocket-9.0.14.jar:9.0.14]
	at org.apache.catalina.core.ApplicationFilterChain.internalDoFilter(ApplicationFilterChain.java:193) ~[tomcat-embed-core-9.0.14.jar:9.0.14]
	at org.apache.catalina.core.ApplicationFilterChain.doFilter(ApplicationFilterChain.java:166) ~[tomcat-embed-core-9.0.14.jar:9.0.14]
	at org.springframework.web.filter.RequestContextFilter.doFilterInternal(RequestContextFilter.java:99) ~[spring-web-5.1.4.RELEASE.jar:5.1.4.RELEASE]
	at org.springframework.web.filter.OncePerRequestFilter.doFilter(OncePerRequestFilter.java:107) ~[spring-web-5.1.4.RELEASE.jar:5.1.4.RELEASE]
	at org.apache.catalina.core.ApplicationFilterChain.internalDoFilter(ApplicationFilterChain.java:193) ~[tomcat-embed-core-9.0.14.jar:9.0.14]
	at org.apache.catalina.core.ApplicationFilterChain.doFilter(ApplicationFilterChain.java:166) ~[tomcat-embed-core-9.0.14.jar:9.0.14]
	at org.springframework.web.filter.FormContentFilter.doFilterInternal(FormContentFilter.java:92) ~[spring-web-5.1.4.RELEASE.jar:5.1.4.RELEASE]
	at org.springframework.web.filter.OncePerRequestFilter.doFilter(OncePerRequestFilter.java:107) ~[spring-web-5.1.4.RELEASE.jar:5.1.4.RELEASE]
	at org.apache.catalina.core.ApplicationFilterChain.internalDoFilter(ApplicationFilterChain.java:193) ~[tomcat-embed-core-9.0.14.jar:9.0.14]
	at org.apache.catalina.core.ApplicationFilterChain.doFilter(ApplicationFilterChain.java:166) ~[tomcat-embed-core-9.0.14.jar:9.0.14]
	at org.springframework.web.filter.HiddenHttpMethodFilter.doFilterInternal(HiddenHttpMethodFilter.java:93) ~[spring-web-5.1.4.RELEASE.jar:5.1.4.RELEASE]
	at org.springframework.web.filter.OncePerRequestFilter.doFilter(OncePerRequestFilter.java:107) ~[spring-web-5.1.4.RELEASE.jar:5.1.4.RELEASE]
	at org.apache.catalina.core.ApplicationFilterChain.internalDoFilter(ApplicationFilterChain.java:193) ~[tomcat-embed-core-9.0.14.jar:9.0.14]
	at org.apache.catalina.core.ApplicationFilterChain.doFilter(ApplicationFilterChain.java:166) ~[tomcat-embed-core-9.0.14.jar:9.0.14]
	at org.springframework.web.filter.CharacterEncodingFilter.doFilterInternal(CharacterEncodingFilter.java:200) ~[spring-web-5.1.4.RELEASE.jar:5.1.4.RELEASE]
	at org.springframework.web.filter.OncePerRequestFilter.doFilter(OncePerRequestFilter.java:107) ~[spring-web-5.1.4.RELEASE.jar:5.1.4.RELEASE]
	at org.apache.catalina.core.ApplicationFilterChain.internalDoFilter(ApplicationFilterChain.java:193) ~[tomcat-embed-core-9.0.14.jar:9.0.14]
	at org.apache.catalina.core.ApplicationFilterChain.doFilter(ApplicationFilterChain.java:166) ~[tomcat-embed-core-9.0.14.jar:9.0.14]
	at org.apache.catalina.core.StandardWrapperValve.invoke(StandardWrapperValve.java:199) ~[tomcat-embed-core-9.0.14.jar:9.0.14]
	at org.apache.catalina.core.StandardContextValve.invoke(StandardContextValve.java:96) [tomcat-embed-core-9.0.14.jar:9.0.14]
	at org.apache.catalina.authenticator.AuthenticatorBase.invoke(AuthenticatorBase.java:490) [tomcat-embed-core-9.0.14.jar:9.0.14]
	at org.apache.catalina.core.StandardHostValve.invoke(StandardHostValve.java:139) [tomcat-embed-core-9.0.14.jar:9.0.14]
	at org.apache.catalina.valves.ErrorReportValve.invoke(ErrorReportValve.java:92) [tomcat-embed-core-9.0.14.jar:9.0.14]
	at org.apache.catalina.core.StandardEngineValve.invoke(StandardEngineValve.java:74) [tomcat-embed-core-9.0.14.jar:9.0.14]
	at org.apache.catalina.connector.CoyoteAdapter.service(CoyoteAdapter.java:343) [tomcat-embed-core-9.0.14.jar:9.0.14]
	at org.apache.coyote.http11.Http11Processor.service(Http11Processor.java:408) [tomcat-embed-core-9.0.14.jar:9.0.14]
	at org.apache.coyote.AbstractProcessorLight.process(AbstractProcessorLight.java:66) [tomcat-embed-core-9.0.14.jar:9.0.14]
	at org.apache.coyote.AbstractProtocol$ConnectionHandler.process(AbstractProtocol.java:834) [tomcat-embed-core-9.0.14.jar:9.0.14]
	at org.apache.tomcat.util.net.NioEndpoint$SocketProcessor.doRun(NioEndpoint.java:1417) [tomcat-embed-core-9.0.14.jar:9.0.14]
	at org.apache.tomcat.util.net.SocketProcessorBase.run(SocketProcessorBase.java:49) [tomcat-embed-core-9.0.14.jar:9.0.14]
	at java.util.concurrent.ThreadPoolExecutor.runWorker(Unknown Source) [na:1.8.0_144]
	at java.util.concurrent.ThreadPoolExecutor$Worker.run(Unknown Source) [na:1.8.0_144]
	at org.apache.tomcat.util.threads.TaskThread$WrappingRunnable.run(TaskThread.java:61) [tomcat-embed-core-9.0.14.jar:9.0.14]
	at java.lang.Thread.run(Unknown Source) [na:1.8.0_144]

2019-12-22 20:09:51.808  INFO 12724 --- [http-nio-8303-exec-5] com.shicha.dianbiao.demon.netty.Device   : cs=53
2019-12-22 20:09:51.810  INFO 12724 --- [http-nio-8303-exec-5] com.shicha.dianbiao.demon.netty.Device   : send request:000000000008  fefefefe68080000000000681104394593373516
2019-12-22 20:09:51.814  INFO 12724 --- [http-nio-8303-exec-5] com.shicha.dianbiao.demon.netty.Device   : cs=53
2019-12-22 20:09:51.818  INFO 12724 --- [http-nio-8303-exec-5] com.shicha.dianbiao.demon.netty.Device   : send request:000000000008  fefefefe68080000000000681104394593373516
2019-12-22 20:22:51.768  INFO 7148 --- [main] c.s.dianbiao.demon.DaemonApplication     : No active profile set, falling back to default profiles: default
2019-12-22 20:22:52.468  INFO 7148 --- [main] o.s.cloud.context.scope.GenericScope     : BeanFactory id=40c82a9f-4a5a-3f85-98c9-3c4b9ac1a823
2019-12-22 20:22:52.520  INFO 7148 --- [main] trationDelegate$BeanPostProcessorChecker : Bean 'com.shicha.dianbiao.demon.controller.INotifyHost' of type [org.springframework.cloud.openfeign.FeignClientFactoryBean] is not eligible for getting processed by all BeanPostProcessors (for example: not eligible for auto-proxying)
2019-12-22 20:22:52.666  INFO 7148 --- [main] trationDelegate$BeanPostProcessorChecker : Bean 'org.springframework.cloud.autoconfigure.ConfigurationPropertiesRebinderAutoConfiguration' of type [org.springframework.cloud.autoconfigure.ConfigurationPropertiesRebinderAutoConfiguration$$EnhancerBySpringCGLIB$$e66720] is not eligible for getting processed by all BeanPostProcessors (for example: not eligible for auto-proxying)
2019-12-22 20:22:53.386  INFO 7148 --- [main] o.s.b.w.embedded.tomcat.TomcatWebServer  : Tomcat initialized with port(s): 8303 (http)
2019-12-22 20:22:53.426  INFO 7148 --- [main] o.apache.catalina.core.StandardService   : Starting service [Tomcat]
2019-12-22 20:22:53.427  INFO 7148 --- [main] org.apache.catalina.core.StandardEngine  : Starting Servlet engine: [Apache Tomcat/9.0.14]
2019-12-22 20:22:53.446  INFO 7148 --- [main] o.a.catalina.core.AprLifecycleListener   : The APR based Apache Tomcat Native library which allows optimal performance in production environments was not found on the java.library.path: [C:\ProgramData\Oracle\Java\javapath;C:\WINDOWS\Sun\Java\bin;C:\WINDOWS\system32;C:\WINDOWS;C:\ProgramData\Oracle\Java\javapath;C:\Program Files (x86)\Intel\iCLS Client\;C:\Program Files\Intel\iCLS Client\;C:\WINDOWS\system32;C:\WINDOWS;C:\WINDOWS\System32\Wbem;C:\WINDOWS\System32\WindowsPowerShell\v1.0\;C:\Program Files (x86)\Intel\Intel(R) Management Engine Components\DAL;C:\Program Files\Intel\Intel(R) Management Engine Components\DAL;C:\Program Files (x86)\Intel\Intel(R) Management Engine Components\IPT;C:\Program Files\Intel\Intel(R) Management Engine Components\IPT;C:\WINDOWS\System32\OpenSSH\;C:\Program Files\dotnet\;C:\Program Files\nodejs\;E:\dev\apache-maven-3.6.0-bin\apache-maven-3.6.0\bin;C:\Program Files\Git\cmd;C:\Program Files\PuTTY\;C:\Users\test\AppData\Local\Microsoft\WindowsApps;C:\Program Files (x86)\SSH Communications Security\SSH Secure Shell;C:\Program Files\MySQL\MySQL Server 5.6\bin;;C:\Program Files\Microsoft VS Code\bin;C:\Users\test\AppData\Roaming\npm;.]
2019-12-22 20:22:53.604  INFO 7148 --- [main] o.a.c.c.C.[Tomcat].[localhost].[/]       : Initializing Spring embedded WebApplicationContext
2019-12-22 20:22:53.604  INFO 7148 --- [main] o.s.web.context.ContextLoader            : Root WebApplicationContext: initialization completed in 1803 ms
2019-12-22 20:22:53.901  WARN 7148 --- [main] o.s.c.n.a.ArchaiusAutoConfiguration      : No spring.application.name found, defaulting to 'application'
2019-12-22 20:22:53.907  WARN 7148 --- [main] c.n.c.sources.URLConfigurationSource     : No URLs will be polled as dynamic configuration sources.
2019-12-22 20:22:53.908  INFO 7148 --- [main] c.n.c.sources.URLConfigurationSource     : To enable URLs as dynamic configuration sources, define System property archaius.configurationSource.additionalUrls or make config.properties available on classpath.
2019-12-22 20:22:53.917  WARN 7148 --- [main] c.n.c.sources.URLConfigurationSource     : No URLs will be polled as dynamic configuration sources.
2019-12-22 20:22:53.918  INFO 7148 --- [main] c.n.c.sources.URLConfigurationSource     : To enable URLs as dynamic configuration sources, define System property archaius.configurationSource.additionalUrls or make config.properties available on classpath.
2019-12-22 20:22:54.252  INFO 7148 --- [main] o.s.s.concurrent.ThreadPoolTaskExecutor  : Initializing ExecutorService 'applicationTaskExecutor'
2019-12-22 20:22:54.459  INFO 7148 --- [main] o.s.s.c.ThreadPoolTaskScheduler          : Initializing ExecutorService 'taskScheduler'
2019-12-22 20:22:55.083  INFO 7148 --- [main] o.s.b.w.embedded.tomcat.TomcatWebServer  : Tomcat started on port(s): 8303 (http) with context path ''
2019-12-22 20:22:55.562  INFO 7148 --- [main] c.s.dianbiao.demon.DaemonApplication     : Started DaemonApplication in 7.056 seconds (JVM running for 7.709)
2019-12-22 20:22:55.564  INFO 7148 --- [main] com.shicha.dianbiao.demon.netty.Serv     : start server
2019-12-22 20:22:56.178  INFO 7148 --- [main] com.shicha.dianbiao.demon.netty.Serv     : server is ready at:8302
2019-12-22 20:23:38.669  INFO 7148 --- [nioEventLoopGroup-3-1] c.s.d.demon.netty.DeviceMessageDecoder   : --- A New Client ---
2019-12-22 20:23:39.869  INFO 7148 --- [nioEventLoopGroup-3-1] c.s.d.demon.netty.DeviceMessageDecoder   : 000000000008heartbeat
2019-12-22 20:24:12.411  INFO 7148 --- [nioEventLoopGroup-3-1] c.s.d.demon.netty.DeviceMessageDecoder   : 000000000008 got response: 68080000000000689106333737373533af16
2019-12-22 20:25:55.087  INFO 7148 --- [Thread-6] o.s.s.c.ThreadPoolTaskScheduler          : Shutting down ExecutorService 'taskScheduler'
2019-12-22 20:25:55.093  INFO 7148 --- [Thread-6] o.s.s.concurrent.ThreadPoolTaskExecutor  : Shutting down ExecutorService 'applicationTaskExecutor'
2019-12-22 20:30:07.906  INFO 8640 --- [main] c.s.dianbiao.demon.DaemonApplication     : No active profile set, falling back to default profiles: default
2019-12-22 20:30:08.626  INFO 8640 --- [main] o.s.cloud.context.scope.GenericScope     : BeanFactory id=40c82a9f-4a5a-3f85-98c9-3c4b9ac1a823
2019-12-22 20:30:08.683  INFO 8640 --- [main] trationDelegate$BeanPostProcessorChecker : Bean 'com.shicha.dianbiao.demon.controller.INotifyHost' of type [org.springframework.cloud.openfeign.FeignClientFactoryBean] is not eligible for getting processed by all BeanPostProcessors (for example: not eligible for auto-proxying)
2019-12-22 20:30:08.837  INFO 8640 --- [main] trationDelegate$BeanPostProcessorChecker : Bean 'org.springframework.cloud.autoconfigure.ConfigurationPropertiesRebinderAutoConfiguration' of type [org.springframework.cloud.autoconfigure.ConfigurationPropertiesRebinderAutoConfiguration$$EnhancerBySpringCGLIB$$65da87bf] is not eligible for getting processed by all BeanPostProcessors (for example: not eligible for auto-proxying)
2019-12-22 20:30:09.508  INFO 8640 --- [main] o.s.b.w.embedded.tomcat.TomcatWebServer  : Tomcat initialized with port(s): 8303 (http)
2019-12-22 20:30:09.551  INFO 8640 --- [main] o.apache.catalina.core.StandardService   : Starting service [Tomcat]
2019-12-22 20:30:09.552  INFO 8640 --- [main] org.apache.catalina.core.StandardEngine  : Starting Servlet engine: [Apache Tomcat/9.0.14]
2019-12-22 20:30:09.572  INFO 8640 --- [main] o.a.catalina.core.AprLifecycleListener   : The APR based Apache Tomcat Native library which allows optimal performance in production environments was not found on the java.library.path: [C:\ProgramData\Oracle\Java\javapath;C:\WINDOWS\Sun\Java\bin;C:\WINDOWS\system32;C:\WINDOWS;C:\ProgramData\Oracle\Java\javapath;C:\Program Files (x86)\Intel\iCLS Client\;C:\Program Files\Intel\iCLS Client\;C:\WINDOWS\system32;C:\WINDOWS;C:\WINDOWS\System32\Wbem;C:\WINDOWS\System32\WindowsPowerShell\v1.0\;C:\Program Files (x86)\Intel\Intel(R) Management Engine Components\DAL;C:\Program Files\Intel\Intel(R) Management Engine Components\DAL;C:\Program Files (x86)\Intel\Intel(R) Management Engine Components\IPT;C:\Program Files\Intel\Intel(R) Management Engine Components\IPT;C:\WINDOWS\System32\OpenSSH\;C:\Program Files\dotnet\;C:\Program Files\nodejs\;E:\dev\apache-maven-3.6.0-bin\apache-maven-3.6.0\bin;C:\Program Files\Git\cmd;C:\Program Files\PuTTY\;C:\Users\test\AppData\Local\Microsoft\WindowsApps;C:\Program Files (x86)\SSH Communications Security\SSH Secure Shell;C:\Program Files\MySQL\MySQL Server 5.6\bin;;C:\Program Files\Microsoft VS Code\bin;C:\Users\test\AppData\Roaming\npm;.]
2019-12-22 20:30:09.703  INFO 8640 --- [main] o.a.c.c.C.[Tomcat].[localhost].[/]       : Initializing Spring embedded WebApplicationContext
2019-12-22 20:30:09.704  INFO 8640 --- [main] o.s.web.context.ContextLoader            : Root WebApplicationContext: initialization completed in 1765 ms
2019-12-22 20:30:10.009  WARN 8640 --- [main] o.s.c.n.a.ArchaiusAutoConfiguration      : No spring.application.name found, defaulting to 'application'
2019-12-22 20:30:10.016  WARN 8640 --- [main] c.n.c.sources.URLConfigurationSource     : No URLs will be polled as dynamic configuration sources.
2019-12-22 20:30:10.017  INFO 8640 --- [main] c.n.c.sources.URLConfigurationSource     : To enable URLs as dynamic configuration sources, define System property archaius.configurationSource.additionalUrls or make config.properties available on classpath.
2019-12-22 20:30:10.030  WARN 8640 --- [main] c.n.c.sources.URLConfigurationSource     : No URLs will be polled as dynamic configuration sources.
2019-12-22 20:30:10.030  INFO 8640 --- [main] c.n.c.sources.URLConfigurationSource     : To enable URLs as dynamic configuration sources, define System property archaius.configurationSource.additionalUrls or make config.properties available on classpath.
2019-12-22 20:30:10.426  INFO 8640 --- [main] o.s.s.concurrent.ThreadPoolTaskExecutor  : Initializing ExecutorService 'applicationTaskExecutor'
2019-12-22 20:30:10.663  INFO 8640 --- [main] o.s.s.c.ThreadPoolTaskScheduler          : Initializing ExecutorService 'taskScheduler'
2019-12-22 20:30:11.345  INFO 8640 --- [main] o.s.b.w.embedded.tomcat.TomcatWebServer  : Tomcat started on port(s): 8303 (http) with context path ''
2019-12-22 20:30:11.876  INFO 8640 --- [main] c.s.dianbiao.demon.DaemonApplication     : Started DaemonApplication in 7.226 seconds (JVM running for 7.802)
2019-12-22 20:30:11.879  INFO 8640 --- [main] com.shicha.dianbiao.demon.netty.Serv     : start server
2019-12-22 20:30:12.454  INFO 8640 --- [main] com.shicha.dianbiao.demon.netty.Serv     : server is ready at:8302
2019-12-22 20:30:16.797  INFO 8640 --- [nioEventLoopGroup-3-1] c.s.d.demon.netty.DeviceMessageDecoder   : --- A New Client ---
2019-12-22 20:30:35.404  INFO 8640 --- [nioEventLoopGroup-3-1] c.s.d.demon.netty.DeviceMessageDecoder   : 000000000008heartbeat
2019-12-22 20:30:47.220  INFO 8640 --- [nioEventLoopGroup-3-1] c.s.d.demon.netty.DeviceMessageDecoder   : 000000000008 got response: 68080000000000689106333737373533af16
2019-12-22 20:31:35.262  INFO 8640 --- [Thread-6] o.s.s.c.ThreadPoolTaskScheduler          : Shutting down ExecutorService 'taskScheduler'
2019-12-22 20:31:35.264  INFO 8640 --- [Thread-6] o.s.s.concurrent.ThreadPoolTaskExecutor  : Shutting down ExecutorService 'applicationTaskExecutor'
